[
  {
    "line": 1,
    "elements": [
      {
        "line": 3,
        "name": "",
        "description": "",
        "type": "background",
        "keyword": "Background",
        "steps": [
          {
            "result": {
              "duration": 7334694800,
              "status": "passed"
            },
            "before": [
              {
                "result": {
                  "duration": 59003400,
                  "status": "passed"
                },
                "match": {
                  "location": "stepDefinitions.HomeStepDefinition.getInit()"
                }
              }
            ],
            "line": 4,
            "name": "I am on Bank of America Homepage",
            "match": {
              "location": "stepDefinitions.HomeStepDefinition.i_am_on_bank_of_america_homepage()"
            },
            "keyword": "Given "
          }
        ]
      },
      {
        "start_timestamp": "2020-09-25T06:06:49.988Z",
        "line": 7,
        "name": "Check that user receives an error message when put invalid enrollment information",
        "description": "",
        "id": "bank-of-america-homepage-functionality-check;check-that-user-receives-an-error-message-when-put-invalid-enrollment-information",
        "after": [
          {
            "result": {
              "duration": 774376000,
              "status": "passed"
            },
            "match": {
              "location": "stepDefinitions.HomeStepDefinition.closeBrowser()"
            }
          }
        ],
        "type": "scenario",
        "keyword": "Scenario",
        "steps": [
          {
            "result": {
              "duration": 5795066600,
              "status": "passed"
            },
            "before": [
              {
                "result": {
                  "duration": 999800,
                  "status": "passed"
                },
                "match": {
                  "location": "stepDefinitions.HomeStepDefinition.getInit()"
                }
              }
            ],
            "line": 8,
            "name": "I click on enroll button",
            "match": {
              "location": "stepDefinitions.HomeStepDefinition.i_click_on_enroll_button()"
            },
            "keyword": "When "
          },
          {
            "result": {
              "duration": 1392208400,
              "status": "passed"
            },
            "before": [
              {
                "result": {
                  "duration": 1999800,
                  "status": "passed"
                },
                "match": {
                  "location": "stepDefinitions.HomeStepDefinition.getInit()"
                }
              }
            ],
            "line": 9,
            "name": "I enter invalid six digits account number \"123456\" in card account box",
            "match": {
              "arguments": [
                {
                  "val": "\"123456\"",
                  "offset": 42
                }
              ],
              "location": "stepDefinitions.HomeStepDefinition.iEnterInvalidSixDigitsAccountNumberInCardAccountBox(java.lang.String)"
            },
            "keyword": "And "
          },
          {
            "result": {
              "duration": 10566483100,
              "status": "passed"
            },
            "before": [
              {
                "result": {
                  "duration": 1999300,
                  "status": "passed"
                },
                "match": {
                  "location": "stepDefinitions.HomeStepDefinition.getInit()"
                }
              }
            ],
            "line": 10,
            "name": "I enter invalid social security number in social security box",
            "match": {
              "location": "stepDefinitions.HomeStepDefinition.i_enter_invalid_social_security_number_in_social_security_box()"
            },
            "keyword": "And "
          },
          {
            "result": {
              "duration": 20276132800,
              "status": "passed"
            },
            "before": [
              {
                "result": {
                  "duration": 998900,
                  "status": "passed"
                },
                "match": {
                  "location": "stepDefinitions.HomeStepDefinition.getInit()"
                }
              }
            ],
            "line": 11,
            "name": "I click on continue button",
            "match": {
              "location": "stepDefinitions.HomeStepDefinition.i_click_on_continue_button()"
            },
            "keyword": "And "
          },
          {
            "result": {
              "duration": 260777300,
              "status": "passed"
            },
            "before": [
              {
                "result": {
                  "duration": 999700,
                  "status": "passed"
                },
                "match": {
                  "location": "stepDefinitions.HomeStepDefinition.getInit()"
                }
              }
            ],
            "line": 12,
            "name": "I validate the test by the error message \"We\u0027re unable to complete your request at this time.\"",
            "match": {
              "arguments": [
                {
                  "val": "\"We\u0027re unable to complete your request at this time.\"",
                  "offset": 41
                }
              ],
              "location": "stepDefinitions.HomeStepDefinition.i_validate_the_test_by_the_error_message(java.lang.String)"
            },
            "keyword": "Then "
          }
        ],
        "tags": [
          {
            "name": "@SmokeTest"
          }
        ]
      },
      {
        "line": 3,
        "name": "",
        "description": "",
        "type": "background",
        "keyword": "Background",
        "steps": [
          {
            "result": {
              "duration": 4926800000,
              "status": "passed"
            },
            "before": [
              {
                "result": {
                  "duration": 10993900,
                  "status": "passed"
                },
                "match": {
                  "location": "stepDefinitions.HomeStepDefinition.getInit()"
                }
              }
            ],
            "line": 4,
            "name": "I am on Bank of America Homepage",
            "match": {
              "location": "stepDefinitions.HomeStepDefinition.i_am_on_bank_of_america_homepage()"
            },
            "keyword": "Given "
          }
        ]
      },
      {
        "start_timestamp": "2020-09-25T06:07:36.826Z",
        "line": 15,
        "name": "Checking functionality check",
        "description": "",
        "id": "bank-of-america-homepage-functionality-check;checking-functionality-check",
        "after": [
          {
            "result": {
              "duration": 766952900,
              "status": "passed"
            },
            "match": {
              "location": "stepDefinitions.HomeStepDefinition.closeBrowser()"
            }
          }
        ],
        "type": "scenario",
        "keyword": "Scenario",
        "steps": [
          {
            "result": {
              "duration": 3569247000,
              "status": "passed"
            },
            "before": [
              {
                "result": {
                  "status": "passed"
                },
                "match": {
                  "location": "stepDefinitions.HomeStepDefinition.getInit()"
                }
              }
            ],
            "line": 16,
            "name": "I click on checking button",
            "match": {
              "location": "stepDefinitions.HomeStepDefinition.i_click_on_checking_button()"
            },
            "keyword": "When "
          },
          {
            "result": {
              "error_message": "org.openqa.selenium.NoSuchElementException: no such element: Unable to locate element: {\"method\":\"css selector\",\"selector\":\"*[name\u003d\u0027checking\u0027]\"}\n  (Session info: chrome\u003d85.0.4183.102)\nFor documentation on this error, please visit: https://www.seleniumhq.org/exceptions/no_such_element.html\nBuild info: version: \u00273.141.59\u0027, revision: \u0027e82be7d358\u0027, time: \u00272018-11-14T08:17:03\u0027\nSystem info: host: \u0027DESKTOP-F75O7MS\u0027, ip: \u0027192.168.1.213\u0027, os.name: \u0027Windows 10\u0027, os.arch: \u0027amd64\u0027, os.version: \u002710.0\u0027, java.version: \u002711.0.8\u0027\nDriver info: org.openqa.selenium.chrome.ChromeDriver\nCapabilities {acceptInsecureCerts: false, browserName: chrome, browserVersion: 85.0.4183.102, chrome: {chromedriverVersion: 84.0.4147.30 (48b3e868b4cc0..., userDataDir: C:\\Users\\debna\\AppData\\Loca...}, goog:chromeOptions: {debuggerAddress: localhost:52974}, javascriptEnabled: true, networkConnectionEnabled: false, pageLoadStrategy: normal, platform: WINDOWS, platformName: WINDOWS, proxy: Proxy(), setWindowRect: true, strictFileInteractability: false, timeouts: {implicit: 0, pageLoad: 300000, script: 30000}, unhandledPromptBehavior: dismiss and notify, webauthn:virtualAuthenticators: true}\nSession ID: 84f54d945c7ce5c414a52d46f204fccf\n*** Element info: {Using\u003dname, value\u003dchecking}\r\n\tat java.base/jdk.internal.reflect.NativeConstructorAccessorImpl.newInstance0(Native Method)\r\n\tat java.base/jdk.internal.reflect.NativeConstructorAccessorImpl.newInstance(NativeConstructorAccessorImpl.java:62)\r\n\tat java.base/jdk.internal.reflect.DelegatingConstructorAccessorImpl.newInstance(DelegatingConstructorAccessorImpl.java:45)\r\n\tat java.base/java.lang.reflect.Constructor.newInstance(Constructor.java:490)\r\n\tat org.openqa.selenium.remote.http.W3CHttpResponseCodec.createException(W3CHttpResponseCodec.java:187)\r\n\tat org.openqa.selenium.remote.http.W3CHttpResponseCodec.decode(W3CHttpResponseCodec.java:122)\r\n\tat org.openqa.selenium.remote.http.W3CHttpResponseCodec.decode(W3CHttpResponseCodec.java:49)\r\n\tat org.openqa.selenium.remote.HttpCommandExecutor.execute(HttpCommandExecutor.java:158)\r\n\tat org.openqa.selenium.remote.service.DriverCommandExecutor.execute(DriverCommandExecutor.java:83)\r\n\tat org.openqa.selenium.remote.RemoteWebDriver.execute(RemoteWebDriver.java:552)\r\n\tat org.openqa.selenium.remote.RemoteWebDriver.findElement(RemoteWebDriver.java:323)\r\n\tat org.openqa.selenium.remote.RemoteWebDriver.findElementByName(RemoteWebDriver.java:404)\r\n\tat org.openqa.selenium.By$ByName.findElement(By.java:284)\r\n\tat org.openqa.selenium.support.ByIdOrName.findElement(ByIdOrName.java:50)\r\n\tat org.openqa.selenium.remote.RemoteWebDriver.findElement(RemoteWebDriver.java:315)\r\n\tat org.openqa.selenium.support.pagefactory.DefaultElementLocator.findElement(DefaultElementLocator.java:69)\r\n\tat org.openqa.selenium.support.pagefactory.internal.LocatingElementHandler.invoke(LocatingElementHandler.java:38)\r\n\tat com.sun.proxy.$Proxy23.isEnabled(Unknown Source)\r\n\tat home.HomePage.checkingIsEnable(HomePage.java:26)\r\n\tat home.HomePage.verifyClickChecking(HomePage.java:30)\r\n\tat stepDefinitions.HomeStepDefinition.i_validate_the_test_by_checking_whether_clicking_is_enable_or_not(HomeStepDefinition.java:64)\r\n\tat ✽.I validate the test by checking whether clickingIsEnable or not(file:///C:/Users/debna/IdeaProjects/BDDWebAutomationFramework_Team1/BankOfAmerica/src/test/java/features/HomePage.feature:17)\r\n",
              "duration": 20158551200,
              "status": "failed"
            },
            "before": [
              {
                "result": {
                  "duration": 1001400,
                  "status": "passed"
                },
                "match": {
                  "location": "stepDefinitions.HomeStepDefinition.getInit()"
                }
              }
            ],
            "line": 17,
            "name": "I validate the test by checking whether clickingIsEnable or not",
            "match": {
              "location": "stepDefinitions.HomeStepDefinition.i_validate_the_test_by_checking_whether_clicking_is_enable_or_not()"
            },
            "keyword": "Then "
          }
        ],
        "tags": [
          {
            "name": "@SmokeTest"
          }
        ]
      },
      {
        "line": 3,
        "name": "",
        "description": "",
        "type": "background",
        "keyword": "Background",
        "steps": [
          {
            "result": {
              "duration": 5057697200,
              "status": "passed"
            },
            "before": [
              {
                "result": {
                  "duration": 2998300,
                  "status": "passed"
                },
                "match": {
                  "location": "stepDefinitions.HomeStepDefinition.getInit()"
                }
              }
            ],
            "line": 4,
            "name": "I am on Bank of America Homepage",
            "match": {
              "location": "stepDefinitions.HomeStepDefinition.i_am_on_bank_of_america_homepage()"
            },
            "keyword": "Given "
          }
        ]
      },
      {
        "start_timestamp": "2020-09-25T06:08:06.489Z",
        "line": 20,
        "name": "Saving functionality check",
        "description": "",
        "id": "bank-of-america-homepage-functionality-check;saving-functionality-check",
        "after": [
          {
            "result": {
              "duration": 746066100,
              "status": "passed"
            },
            "match": {
              "location": "stepDefinitions.HomeStepDefinition.closeBrowser()"
            }
          }
        ],
        "type": "scenario",
        "keyword": "Scenario",
        "steps": [
          {
            "result": {
              "duration": 3221157700,
              "status": "passed"
            },
            "before": [
              {
                "result": {
                  "status": "passed"
                },
                "match": {
                  "location": "stepDefinitions.HomeStepDefinition.getInit()"
                }
              }
            ],
            "line": 21,
            "name": "I click on saving button",
            "match": {
              "location": "stepDefinitions.HomeStepDefinition.i_click_on_saving_button()"
            },
            "keyword": "When "
          },
          {
            "result": {
              "error_message": "org.openqa.selenium.NoSuchElementException: no such element: Unable to locate element: {\"method\":\"css selector\",\"selector\":\"*[name\u003d\u0027checking\u0027]\"}\n  (Session info: chrome\u003d85.0.4183.102)\nFor documentation on this error, please visit: https://www.seleniumhq.org/exceptions/no_such_element.html\nBuild info: version: \u00273.141.59\u0027, revision: \u0027e82be7d358\u0027, time: \u00272018-11-14T08:17:03\u0027\nSystem info: host: \u0027DESKTOP-F75O7MS\u0027, ip: \u0027192.168.1.213\u0027, os.name: \u0027Windows 10\u0027, os.arch: \u0027amd64\u0027, os.version: \u002710.0\u0027, java.version: \u002711.0.8\u0027\nDriver info: org.openqa.selenium.chrome.ChromeDriver\nCapabilities {acceptInsecureCerts: false, browserName: chrome, browserVersion: 85.0.4183.102, chrome: {chromedriverVersion: 84.0.4147.30 (48b3e868b4cc0..., userDataDir: C:\\Users\\debna\\AppData\\Loca...}, goog:chromeOptions: {debuggerAddress: localhost:53037}, javascriptEnabled: true, networkConnectionEnabled: false, pageLoadStrategy: normal, platform: WINDOWS, platformName: WINDOWS, proxy: Proxy(), setWindowRect: true, strictFileInteractability: false, timeouts: {implicit: 0, pageLoad: 300000, script: 30000}, unhandledPromptBehavior: dismiss and notify, webauthn:virtualAuthenticators: true}\nSession ID: 60330600f5383199afb07e25dcc805e4\n*** Element info: {Using\u003dname, value\u003dchecking}\r\n\tat java.base/jdk.internal.reflect.NativeConstructorAccessorImpl.newInstance0(Native Method)\r\n\tat java.base/jdk.internal.reflect.NativeConstructorAccessorImpl.newInstance(NativeConstructorAccessorImpl.java:62)\r\n\tat java.base/jdk.internal.reflect.DelegatingConstructorAccessorImpl.newInstance(DelegatingConstructorAccessorImpl.java:45)\r\n\tat java.base/java.lang.reflect.Constructor.newInstance(Constructor.java:490)\r\n\tat org.openqa.selenium.remote.http.W3CHttpResponseCodec.createException(W3CHttpResponseCodec.java:187)\r\n\tat org.openqa.selenium.remote.http.W3CHttpResponseCodec.decode(W3CHttpResponseCodec.java:122)\r\n\tat org.openqa.selenium.remote.http.W3CHttpResponseCodec.decode(W3CHttpResponseCodec.java:49)\r\n\tat org.openqa.selenium.remote.HttpCommandExecutor.execute(HttpCommandExecutor.java:158)\r\n\tat org.openqa.selenium.remote.service.DriverCommandExecutor.execute(DriverCommandExecutor.java:83)\r\n\tat org.openqa.selenium.remote.RemoteWebDriver.execute(RemoteWebDriver.java:552)\r\n\tat org.openqa.selenium.remote.RemoteWebDriver.findElement(RemoteWebDriver.java:323)\r\n\tat org.openqa.selenium.remote.RemoteWebDriver.findElementByName(RemoteWebDriver.java:404)\r\n\tat org.openqa.selenium.By$ByName.findElement(By.java:284)\r\n\tat org.openqa.selenium.support.ByIdOrName.findElement(ByIdOrName.java:50)\r\n\tat org.openqa.selenium.remote.RemoteWebDriver.findElement(RemoteWebDriver.java:315)\r\n\tat org.openqa.selenium.support.pagefactory.DefaultElementLocator.findElement(DefaultElementLocator.java:69)\r\n\tat org.openqa.selenium.support.pagefactory.internal.LocatingElementHandler.invoke(LocatingElementHandler.java:38)\r\n\tat com.sun.proxy.$Proxy23.isEnabled(Unknown Source)\r\n\tat home.HomePage.checkingIsEnable(HomePage.java:26)\r\n\tat home.HomePage.verifyClickSaving(HomePage.java:42)\r\n\tat stepDefinitions.HomeStepDefinition.i_validate_the_test_by_checking_whether_clicking_is_enable(HomeStepDefinition.java:73)\r\n\tat ✽.I validate the test by checking whether clickingIsEnable(file:///C:/Users/debna/IdeaProjects/BDDWebAutomationFramework_Team1/BankOfAmerica/src/test/java/features/HomePage.feature:22)\r\n",
              "duration": 20159812100,
              "status": "failed"
            },
            "before": [
              {
                "result": {
                  "duration": 999000,
                  "status": "passed"
                },
                "match": {
                  "location": "stepDefinitions.HomeStepDefinition.getInit()"
                }
              }
            ],
            "line": 22,
            "name": "I validate the test by checking whether clickingIsEnable",
            "match": {
              "location": "stepDefinitions.HomeStepDefinition.i_validate_the_test_by_checking_whether_clicking_is_enable()"
            },
            "keyword": "Then "
          }
        ],
        "tags": [
          {
            "name": "@SmokeTest"
          }
        ]
      },
      {
        "line": 3,
        "name": "",
        "description": "",
        "type": "background",
        "keyword": "Background",
        "steps": [
          {
            "result": {
              "duration": 5691498700,
              "status": "passed"
            },
            "before": [
              {
                "result": {
                  "duration": 999200,
                  "status": "passed"
                },
                "match": {
                  "location": "stepDefinitions.HomeStepDefinition.getInit()"
                }
              }
            ],
            "line": 4,
            "name": "I am on Bank of America Homepage",
            "match": {
              "location": "stepDefinitions.HomeStepDefinition.i_am_on_bank_of_america_homepage()"
            },
            "keyword": "Given "
          }
        ]
      },
      {
        "start_timestamp": "2020-09-25T06:08:35.829Z",
        "line": 25,
        "name": "Credit Cards functionality check",
        "description": "",
        "id": "bank-of-america-homepage-functionality-check;credit-cards-functionality-check",
        "after": [
          {
            "result": {
              "duration": 766154500,
              "status": "passed"
            },
            "match": {
              "location": "stepDefinitions.HomeStepDefinition.closeBrowser()"
            }
          }
        ],
        "type": "scenario",
        "keyword": "Scenario",
        "steps": [
          {
            "result": {
              "duration": 2906856200,
              "status": "passed"
            },
            "before": [
              {
                "result": {
                  "duration": 999900,
                  "status": "passed"
                },
                "match": {
                  "location": "stepDefinitions.HomeStepDefinition.getInit()"
                }
              }
            ],
            "line": 26,
            "name": "I click on CreditCard button",
            "match": {
              "location": "stepDefinitions.HomeStepDefinition.i_click_on_credit_card_button()"
            },
            "keyword": "When "
          },
          {
            "result": {
              "error_message": "org.openqa.selenium.NoSuchElementException: no such element: Unable to locate element: {\"method\":\"css selector\",\"selector\":\"*[name\u003d\u0027creditCards\u0027]\"}\n  (Session info: chrome\u003d85.0.4183.102)\nFor documentation on this error, please visit: https://www.seleniumhq.org/exceptions/no_such_element.html\nBuild info: version: \u00273.141.59\u0027, revision: \u0027e82be7d358\u0027, time: \u00272018-11-14T08:17:03\u0027\nSystem info: host: \u0027DESKTOP-F75O7MS\u0027, ip: \u0027192.168.1.213\u0027, os.name: \u0027Windows 10\u0027, os.arch: \u0027amd64\u0027, os.version: \u002710.0\u0027, java.version: \u002711.0.8\u0027\nDriver info: org.openqa.selenium.chrome.ChromeDriver\nCapabilities {acceptInsecureCerts: false, browserName: chrome, browserVersion: 85.0.4183.102, chrome: {chromedriverVersion: 84.0.4147.30 (48b3e868b4cc0..., userDataDir: C:\\Users\\debna\\AppData\\Loca...}, goog:chromeOptions: {debuggerAddress: localhost:53097}, javascriptEnabled: true, networkConnectionEnabled: false, pageLoadStrategy: normal, platform: WINDOWS, platformName: WINDOWS, proxy: Proxy(), setWindowRect: true, strictFileInteractability: false, timeouts: {implicit: 0, pageLoad: 300000, script: 30000}, unhandledPromptBehavior: dismiss and notify, webauthn:virtualAuthenticators: true}\nSession ID: 9de7c596c909190fa949422752a9166d\n*** Element info: {Using\u003dname, value\u003dcreditCards}\r\n\tat java.base/jdk.internal.reflect.NativeConstructorAccessorImpl.newInstance0(Native Method)\r\n\tat java.base/jdk.internal.reflect.NativeConstructorAccessorImpl.newInstance(NativeConstructorAccessorImpl.java:62)\r\n\tat java.base/jdk.internal.reflect.DelegatingConstructorAccessorImpl.newInstance(DelegatingConstructorAccessorImpl.java:45)\r\n\tat java.base/java.lang.reflect.Constructor.newInstance(Constructor.java:490)\r\n\tat org.openqa.selenium.remote.http.W3CHttpResponseCodec.createException(W3CHttpResponseCodec.java:187)\r\n\tat org.openqa.selenium.remote.http.W3CHttpResponseCodec.decode(W3CHttpResponseCodec.java:122)\r\n\tat org.openqa.selenium.remote.http.W3CHttpResponseCodec.decode(W3CHttpResponseCodec.java:49)\r\n\tat org.openqa.selenium.remote.HttpCommandExecutor.execute(HttpCommandExecutor.java:158)\r\n\tat org.openqa.selenium.remote.service.DriverCommandExecutor.execute(DriverCommandExecutor.java:83)\r\n\tat org.openqa.selenium.remote.RemoteWebDriver.execute(RemoteWebDriver.java:552)\r\n\tat org.openqa.selenium.remote.RemoteWebDriver.findElement(RemoteWebDriver.java:323)\r\n\tat org.openqa.selenium.remote.RemoteWebDriver.findElementByName(RemoteWebDriver.java:404)\r\n\tat org.openqa.selenium.By$ByName.findElement(By.java:284)\r\n\tat org.openqa.selenium.support.ByIdOrName.findElement(ByIdOrName.java:50)\r\n\tat org.openqa.selenium.remote.RemoteWebDriver.findElement(RemoteWebDriver.java:315)\r\n\tat org.openqa.selenium.support.pagefactory.DefaultElementLocator.findElement(DefaultElementLocator.java:69)\r\n\tat org.openqa.selenium.support.pagefactory.internal.LocatingElementHandler.invoke(LocatingElementHandler.java:38)\r\n\tat com.sun.proxy.$Proxy23.isEnabled(Unknown Source)\r\n\tat home.HomePage.creditCardsIsEnable(HomePage.java:51)\r\n\tat home.HomePage.verifyClickCreditCards(HomePage.java:54)\r\n\tat stepDefinitions.HomeStepDefinition.i_validate_the_test_by_checking_clicking_is_enable(HomeStepDefinition.java:82)\r\n\tat ✽.I validate the test by checking clickingIsEnable(file:///C:/Users/debna/IdeaProjects/BDDWebAutomationFramework_Team1/BankOfAmerica/src/test/java/features/HomePage.feature:27)\r\n",
              "duration": 20146662200,
              "status": "failed"
            },
            "before": [
              {
                "result": {
                  "status": "passed"
                },
                "match": {
                  "location": "stepDefinitions.HomeStepDefinition.getInit()"
                }
              }
            ],
            "line": 27,
            "name": "I validate the test by checking clickingIsEnable",
            "match": {
              "location": "stepDefinitions.HomeStepDefinition.i_validate_the_test_by_checking_clicking_is_enable()"
            },
            "keyword": "Then "
          }
        ],
        "tags": [
          {
            "name": "@SmokeTest"
          }
        ]
      },
      {
        "line": 3,
        "name": "",
        "description": "",
        "type": "background",
        "keyword": "Background",
        "steps": [
          {
            "result": {
              "duration": 4786422700,
              "status": "passed"
            },
            "before": [
              {
                "result": {
                  "duration": 1001100,
                  "status": "passed"
                },
                "match": {
                  "location": "stepDefinitions.HomeStepDefinition.getInit()"
                }
              }
            ],
            "line": 4,
            "name": "I am on Bank of America Homepage",
            "match": {
              "location": "stepDefinitions.HomeStepDefinition.i_am_on_bank_of_america_homepage()"
            },
            "keyword": "Given "
          }
        ]
      },
      {
        "start_timestamp": "2020-09-25T06:09:05.440Z",
        "line": 30,
        "name": "Home Loans functionality check",
        "description": "",
        "id": "bank-of-america-homepage-functionality-check;home-loans-functionality-check",
        "after": [
          {
            "result": {
              "duration": 747646900,
              "status": "passed"
            },
            "match": {
              "location": "stepDefinitions.HomeStepDefinition.closeBrowser()"
            }
          }
        ],
        "type": "scenario",
        "keyword": "Scenario",
        "steps": [
          {
            "result": {
              "duration": 3780879800,
              "status": "passed"
            },
            "before": [
              {
                "result": {
                  "duration": 998900,
                  "status": "passed"
                },
                "match": {
                  "location": "stepDefinitions.HomeStepDefinition.getInit()"
                }
              }
            ],
            "line": 31,
            "name": "I click on Home Loans button",
            "match": {
              "location": "stepDefinitions.HomeStepDefinition.i_click_on_home_loans_button()"
            },
            "keyword": "When "
          },
          {
            "result": {
              "error_message": "org.openqa.selenium.NoSuchElementException: no such element: Unable to locate element: {\"method\":\"css selector\",\"selector\":\"*[name\u003d\u0027homeLoans\u0027]\"}\n  (Session info: chrome\u003d85.0.4183.102)\nFor documentation on this error, please visit: https://www.seleniumhq.org/exceptions/no_such_element.html\nBuild info: version: \u00273.141.59\u0027, revision: \u0027e82be7d358\u0027, time: \u00272018-11-14T08:17:03\u0027\nSystem info: host: \u0027DESKTOP-F75O7MS\u0027, ip: \u0027192.168.1.213\u0027, os.name: \u0027Windows 10\u0027, os.arch: \u0027amd64\u0027, os.version: \u002710.0\u0027, java.version: \u002711.0.8\u0027\nDriver info: org.openqa.selenium.chrome.ChromeDriver\nCapabilities {acceptInsecureCerts: false, browserName: chrome, browserVersion: 85.0.4183.102, chrome: {chromedriverVersion: 84.0.4147.30 (48b3e868b4cc0..., userDataDir: C:\\Users\\debna\\AppData\\Loca...}, goog:chromeOptions: {debuggerAddress: localhost:53159}, javascriptEnabled: true, networkConnectionEnabled: false, pageLoadStrategy: normal, platform: WINDOWS, platformName: WINDOWS, proxy: Proxy(), setWindowRect: true, strictFileInteractability: false, timeouts: {implicit: 0, pageLoad: 300000, script: 30000}, unhandledPromptBehavior: dismiss and notify, webauthn:virtualAuthenticators: true}\nSession ID: 7abd6b48066f64ccb70d3264fe19fe96\n*** Element info: {Using\u003dname, value\u003dhomeLoans}\r\n\tat java.base/jdk.internal.reflect.NativeConstructorAccessorImpl.newInstance0(Native Method)\r\n\tat java.base/jdk.internal.reflect.NativeConstructorAccessorImpl.newInstance(NativeConstructorAccessorImpl.java:62)\r\n\tat java.base/jdk.internal.reflect.DelegatingConstructorAccessorImpl.newInstance(DelegatingConstructorAccessorImpl.java:45)\r\n\tat java.base/java.lang.reflect.Constructor.newInstance(Constructor.java:490)\r\n\tat org.openqa.selenium.remote.http.W3CHttpResponseCodec.createException(W3CHttpResponseCodec.java:187)\r\n\tat org.openqa.selenium.remote.http.W3CHttpResponseCodec.decode(W3CHttpResponseCodec.java:122)\r\n\tat org.openqa.selenium.remote.http.W3CHttpResponseCodec.decode(W3CHttpResponseCodec.java:49)\r\n\tat org.openqa.selenium.remote.HttpCommandExecutor.execute(HttpCommandExecutor.java:158)\r\n\tat org.openqa.selenium.remote.service.DriverCommandExecutor.execute(DriverCommandExecutor.java:83)\r\n\tat org.openqa.selenium.remote.RemoteWebDriver.execute(RemoteWebDriver.java:552)\r\n\tat org.openqa.selenium.remote.RemoteWebDriver.findElement(RemoteWebDriver.java:323)\r\n\tat org.openqa.selenium.remote.RemoteWebDriver.findElementByName(RemoteWebDriver.java:404)\r\n\tat org.openqa.selenium.By$ByName.findElement(By.java:284)\r\n\tat org.openqa.selenium.support.ByIdOrName.findElement(ByIdOrName.java:50)\r\n\tat org.openqa.selenium.remote.RemoteWebDriver.findElement(RemoteWebDriver.java:315)\r\n\tat org.openqa.selenium.support.pagefactory.DefaultElementLocator.findElement(DefaultElementLocator.java:69)\r\n\tat org.openqa.selenium.support.pagefactory.internal.LocatingElementHandler.invoke(LocatingElementHandler.java:38)\r\n\tat com.sun.proxy.$Proxy23.isEnabled(Unknown Source)\r\n\tat home.HomePage.homeLoansIsEnable(HomePage.java:61)\r\n\tat home.HomePage.verifyHomeLoans(HomePage.java:64)\r\n\tat stepDefinitions.HomeStepDefinition.i_validate_the_test_by_checking_homeloan_is_clickable(HomeStepDefinition.java:91)\r\n\tat ✽.I validate the test by checking homeloan is clickable(file:///C:/Users/debna/IdeaProjects/BDDWebAutomationFramework_Team1/BankOfAmerica/src/test/java/features/HomePage.feature:32)\r\n",
              "duration": 20301230200,
              "status": "failed"
            },
            "before": [
              {
                "result": {
                  "duration": 999300,
                  "status": "passed"
                },
                "match": {
                  "location": "stepDefinitions.HomeStepDefinition.getInit()"
                }
              }
            ],
            "line": 32,
            "name": "I validate the test by checking homeloan is clickable",
            "match": {
              "location": "stepDefinitions.HomeStepDefinition.i_validate_the_test_by_checking_homeloan_is_clickable()"
            },
            "keyword": "Then "
          }
        ],
        "tags": [
          {
            "name": "@SmokeTest"
          }
        ]
      },
      {
        "line": 3,
        "name": "",
        "description": "",
        "type": "background",
        "keyword": "Background",
        "steps": [
          {
            "result": {
              "duration": 4627064900,
              "status": "passed"
            },
            "before": [
              {
                "result": {
                  "duration": 998900,
                  "status": "passed"
                },
                "match": {
                  "location": "stepDefinitions.HomeStepDefinition.getInit()"
                }
              }
            ],
            "line": 4,
            "name": "I am on Bank of America Homepage",
            "match": {
              "location": "stepDefinitions.HomeStepDefinition.i_am_on_bank_of_america_homepage()"
            },
            "keyword": "Given "
          }
        ]
      },
      {
        "start_timestamp": "2020-09-25T06:09:35.123Z",
        "line": 35,
        "name": "Auto Loans functionality check",
        "description": "",
        "id": "bank-of-america-homepage-functionality-check;auto-loans-functionality-check",
        "after": [
          {
            "result": {
              "duration": 697938600,
              "status": "passed"
            },
            "match": {
              "location": "stepDefinitions.HomeStepDefinition.closeBrowser()"
            }
          }
        ],
        "type": "scenario",
        "keyword": "Scenario",
        "steps": [
          {
            "result": {
              "duration": 2697415200,
              "status": "passed"
            },
            "before": [
              {
                "result": {
                  "duration": 998600,
                  "status": "passed"
                },
                "match": {
                  "location": "stepDefinitions.HomeStepDefinition.getInit()"
                }
              }
            ],
            "line": 36,
            "name": "I click on Auto Loans button",
            "match": {
              "location": "stepDefinitions.HomeStepDefinition.i_click_on_auto_loans_button()"
            },
            "keyword": "When "
          },
          {
            "result": {
              "error_message": "org.openqa.selenium.NoSuchElementException: no such element: Unable to locate element: {\"method\":\"css selector\",\"selector\":\"*[name\u003d\u0027autoLoans\u0027]\"}\n  (Session info: chrome\u003d85.0.4183.102)\nFor documentation on this error, please visit: https://www.seleniumhq.org/exceptions/no_such_element.html\nBuild info: version: \u00273.141.59\u0027, revision: \u0027e82be7d358\u0027, time: \u00272018-11-14T08:17:03\u0027\nSystem info: host: \u0027DESKTOP-F75O7MS\u0027, ip: \u0027192.168.1.213\u0027, os.name: \u0027Windows 10\u0027, os.arch: \u0027amd64\u0027, os.version: \u002710.0\u0027, java.version: \u002711.0.8\u0027\nDriver info: org.openqa.selenium.chrome.ChromeDriver\nCapabilities {acceptInsecureCerts: false, browserName: chrome, browserVersion: 85.0.4183.102, chrome: {chromedriverVersion: 84.0.4147.30 (48b3e868b4cc0..., userDataDir: C:\\Users\\debna\\AppData\\Loca...}, goog:chromeOptions: {debuggerAddress: localhost:53220}, javascriptEnabled: true, networkConnectionEnabled: false, pageLoadStrategy: normal, platform: WINDOWS, platformName: WINDOWS, proxy: Proxy(), setWindowRect: true, strictFileInteractability: false, timeouts: {implicit: 0, pageLoad: 300000, script: 30000}, unhandledPromptBehavior: dismiss and notify, webauthn:virtualAuthenticators: true}\nSession ID: 2736477311ae6f3761192f500aa743a4\n*** Element info: {Using\u003dname, value\u003dautoLoans}\r\n\tat java.base/jdk.internal.reflect.NativeConstructorAccessorImpl.newInstance0(Native Method)\r\n\tat java.base/jdk.internal.reflect.NativeConstructorAccessorImpl.newInstance(NativeConstructorAccessorImpl.java:62)\r\n\tat java.base/jdk.internal.reflect.DelegatingConstructorAccessorImpl.newInstance(DelegatingConstructorAccessorImpl.java:45)\r\n\tat java.base/java.lang.reflect.Constructor.newInstance(Constructor.java:490)\r\n\tat org.openqa.selenium.remote.http.W3CHttpResponseCodec.createException(W3CHttpResponseCodec.java:187)\r\n\tat org.openqa.selenium.remote.http.W3CHttpResponseCodec.decode(W3CHttpResponseCodec.java:122)\r\n\tat org.openqa.selenium.remote.http.W3CHttpResponseCodec.decode(W3CHttpResponseCodec.java:49)\r\n\tat org.openqa.selenium.remote.HttpCommandExecutor.execute(HttpCommandExecutor.java:158)\r\n\tat org.openqa.selenium.remote.service.DriverCommandExecutor.execute(DriverCommandExecutor.java:83)\r\n\tat org.openqa.selenium.remote.RemoteWebDriver.execute(RemoteWebDriver.java:552)\r\n\tat org.openqa.selenium.remote.RemoteWebDriver.findElement(RemoteWebDriver.java:323)\r\n\tat org.openqa.selenium.remote.RemoteWebDriver.findElementByName(RemoteWebDriver.java:404)\r\n\tat org.openqa.selenium.By$ByName.findElement(By.java:284)\r\n\tat org.openqa.selenium.support.ByIdOrName.findElement(ByIdOrName.java:50)\r\n\tat org.openqa.selenium.remote.RemoteWebDriver.findElement(RemoteWebDriver.java:315)\r\n\tat org.openqa.selenium.support.pagefactory.DefaultElementLocator.findElement(DefaultElementLocator.java:69)\r\n\tat org.openqa.selenium.support.pagefactory.internal.LocatingElementHandler.invoke(LocatingElementHandler.java:38)\r\n\tat com.sun.proxy.$Proxy23.isEnabled(Unknown Source)\r\n\tat home.HomePage.autoLoansIsEnable(HomePage.java:71)\r\n\tat home.HomePage.verifyAutoLoans(HomePage.java:74)\r\n\tat stepDefinitions.HomeStepDefinition.i_validate_the_test_by_checking_autoloan_is_clickable(HomeStepDefinition.java:100)\r\n\tat ✽.I validate the test by checking autoloan is clickable(file:///C:/Users/debna/IdeaProjects/BDDWebAutomationFramework_Team1/BankOfAmerica/src/test/java/features/HomePage.feature:37)\r\n",
              "duration": 20200117000,
              "status": "failed"
            },
            "before": [
              {
                "result": {
                  "status": "passed"
                },
                "match": {
                  "location": "stepDefinitions.HomeStepDefinition.getInit()"
                }
              }
            ],
            "line": 37,
            "name": "I validate the test by checking autoloan is clickable",
            "match": {
              "location": "stepDefinitions.HomeStepDefinition.i_validate_the_test_by_checking_autoloan_is_clickable()"
            },
            "keyword": "Then "
          }
        ],
        "tags": [
          {
            "name": "@SmokeTest"
          }
        ]
      },
      {
        "line": 3,
        "name": "",
        "description": "",
        "type": "background",
        "keyword": "Background",
        "steps": [
          {
            "result": {
              "duration": 4978867700,
              "status": "passed"
            },
            "before": [
              {
                "result": {
                  "duration": 999700,
                  "status": "passed"
                },
                "match": {
                  "location": "stepDefinitions.HomeStepDefinition.getInit()"
                }
              }
            ],
            "line": 4,
            "name": "I am on Bank of America Homepage",
            "match": {
              "location": "stepDefinitions.HomeStepDefinition.i_am_on_bank_of_america_homepage()"
            },
            "keyword": "Given "
          }
        ]
      },
      {
        "start_timestamp": "2020-09-25T06:10:03.438Z",
        "line": 40,
        "name": "Investing functionality check",
        "description": "",
        "id": "bank-of-america-homepage-functionality-check;investing-functionality-check",
        "after": [
          {
            "result": {
              "duration": 943712800,
              "status": "passed"
            },
            "match": {
              "location": "stepDefinitions.HomeStepDefinition.closeBrowser()"
            }
          }
        ],
        "type": "scenario",
        "keyword": "Scenario",
        "steps": [
          {
            "result": {
              "duration": 2253340900,
              "status": "passed"
            },
            "before": [
              {
                "result": {
                  "duration": 998500,
                  "status": "passed"
                },
                "match": {
                  "location": "stepDefinitions.HomeStepDefinition.getInit()"
                }
              }
            ],
            "line": 41,
            "name": "I click on Investing button",
            "match": {
              "location": "stepDefinitions.HomeStepDefinition.i_click_on_investing_button()"
            },
            "keyword": "When "
          },
          {
            "result": {
              "error_message": "org.openqa.selenium.NoSuchElementException: no such element: Unable to locate element: {\"method\":\"css selector\",\"selector\":\"*[name\u003d\u0027investing\u0027]\"}\n  (Session info: chrome\u003d85.0.4183.102)\nFor documentation on this error, please visit: https://www.seleniumhq.org/exceptions/no_such_element.html\nBuild info: version: \u00273.141.59\u0027, revision: \u0027e82be7d358\u0027, time: \u00272018-11-14T08:17:03\u0027\nSystem info: host: \u0027DESKTOP-F75O7MS\u0027, ip: \u0027192.168.1.213\u0027, os.name: \u0027Windows 10\u0027, os.arch: \u0027amd64\u0027, os.version: \u002710.0\u0027, java.version: \u002711.0.8\u0027\nDriver info: org.openqa.selenium.chrome.ChromeDriver\nCapabilities {acceptInsecureCerts: false, browserName: chrome, browserVersion: 85.0.4183.102, chrome: {chromedriverVersion: 84.0.4147.30 (48b3e868b4cc0..., userDataDir: C:\\Users\\debna\\AppData\\Loca...}, goog:chromeOptions: {debuggerAddress: localhost:53281}, javascriptEnabled: true, networkConnectionEnabled: false, pageLoadStrategy: normal, platform: WINDOWS, platformName: WINDOWS, proxy: Proxy(), setWindowRect: true, strictFileInteractability: false, timeouts: {implicit: 0, pageLoad: 300000, script: 30000}, unhandledPromptBehavior: dismiss and notify, webauthn:virtualAuthenticators: true}\nSession ID: b95d88fe76f471ddd51dfe69e71b0c4e\n*** Element info: {Using\u003dname, value\u003dinvesting}\r\n\tat java.base/jdk.internal.reflect.NativeConstructorAccessorImpl.newInstance0(Native Method)\r\n\tat java.base/jdk.internal.reflect.NativeConstructorAccessorImpl.newInstance(NativeConstructorAccessorImpl.java:62)\r\n\tat java.base/jdk.internal.reflect.DelegatingConstructorAccessorImpl.newInstance(DelegatingConstructorAccessorImpl.java:45)\r\n\tat java.base/java.lang.reflect.Constructor.newInstance(Constructor.java:490)\r\n\tat org.openqa.selenium.remote.http.W3CHttpResponseCodec.createException(W3CHttpResponseCodec.java:187)\r\n\tat org.openqa.selenium.remote.http.W3CHttpResponseCodec.decode(W3CHttpResponseCodec.java:122)\r\n\tat org.openqa.selenium.remote.http.W3CHttpResponseCodec.decode(W3CHttpResponseCodec.java:49)\r\n\tat org.openqa.selenium.remote.HttpCommandExecutor.execute(HttpCommandExecutor.java:158)\r\n\tat org.openqa.selenium.remote.service.DriverCommandExecutor.execute(DriverCommandExecutor.java:83)\r\n\tat org.openqa.selenium.remote.RemoteWebDriver.execute(RemoteWebDriver.java:552)\r\n\tat org.openqa.selenium.remote.RemoteWebDriver.findElement(RemoteWebDriver.java:323)\r\n\tat org.openqa.selenium.remote.RemoteWebDriver.findElementByName(RemoteWebDriver.java:404)\r\n\tat org.openqa.selenium.By$ByName.findElement(By.java:284)\r\n\tat org.openqa.selenium.support.ByIdOrName.findElement(ByIdOrName.java:50)\r\n\tat org.openqa.selenium.remote.RemoteWebDriver.findElement(RemoteWebDriver.java:315)\r\n\tat org.openqa.selenium.support.pagefactory.DefaultElementLocator.findElement(DefaultElementLocator.java:69)\r\n\tat org.openqa.selenium.support.pagefactory.internal.LocatingElementHandler.invoke(LocatingElementHandler.java:38)\r\n\tat com.sun.proxy.$Proxy23.isEnabled(Unknown Source)\r\n\tat home.HomePage.investingIsEnable(HomePage.java:81)\r\n\tat home.HomePage.verifyInvesting(HomePage.java:84)\r\n\tat stepDefinitions.HomeStepDefinition.i_validate_the_test_by_checking_investing_is_clickable(HomeStepDefinition.java:109)\r\n\tat ✽.I validate the test by checking investing is clickable(file:///C:/Users/debna/IdeaProjects/BDDWebAutomationFramework_Team1/BankOfAmerica/src/test/java/features/HomePage.feature:42)\r\n",
              "duration": 20243358900,
              "status": "failed"
            },
            "before": [
              {
                "result": {
                  "status": "passed"
                },
                "match": {
                  "location": "stepDefinitions.HomeStepDefinition.getInit()"
                }
              }
            ],
            "line": 42,
            "name": "I validate the test by checking investing is clickable",
            "match": {
              "location": "stepDefinitions.HomeStepDefinition.i_validate_the_test_by_checking_investing_is_clickable()"
            },
            "keyword": "Then "
          }
        ],
        "tags": [
          {
            "name": "@SmokeTest"
          }
        ]
      },
      {
        "line": 3,
        "name": "",
        "description": "",
        "type": "background",
        "keyword": "Background",
        "steps": [
          {
            "result": {
              "duration": 4485323700,
              "status": "passed"
            },
            "before": [
              {
                "result": {
                  "status": "passed"
                },
                "match": {
                  "location": "stepDefinitions.HomeStepDefinition.getInit()"
                }
              }
            ],
            "line": 4,
            "name": "I am on Bank of America Homepage",
            "match": {
              "location": "stepDefinitions.HomeStepDefinition.i_am_on_bank_of_america_homepage()"
            },
            "keyword": "Given "
          }
        ]
      },
      {
        "start_timestamp": "2020-09-25T06:10:31.938Z",
        "line": 45,
        "name": "Better Money functionality check",
        "description": "",
        "id": "bank-of-america-homepage-functionality-check;better-money-functionality-check",
        "after": [
          {
            "result": {
              "duration": 789615200,
              "status": "passed"
            },
            "match": {
              "location": "stepDefinitions.HomeStepDefinition.closeBrowser()"
            }
          }
        ],
        "type": "scenario",
        "keyword": "Scenario",
        "steps": [
          {
            "result": {
              "duration": 2240336600,
              "status": "passed"
            },
            "before": [
              {
                "result": {
                  "status": "passed"
                },
                "match": {
                  "location": "stepDefinitions.HomeStepDefinition.getInit()"
                }
              }
            ],
            "line": 46,
            "name": "I click on Better Money button",
            "match": {
              "location": "stepDefinitions.HomeStepDefinition.i_click_on_better_money_button()"
            },
            "keyword": "When "
          },
          {
            "result": {
              "error_message": "org.openqa.selenium.NoSuchElementException: no such element: Unable to locate element: {\"method\":\"css selector\",\"selector\":\"*[name\u003d\u0027betterMoney\u0027]\"}\n  (Session info: chrome\u003d85.0.4183.102)\nFor documentation on this error, please visit: https://www.seleniumhq.org/exceptions/no_such_element.html\nBuild info: version: \u00273.141.59\u0027, revision: \u0027e82be7d358\u0027, time: \u00272018-11-14T08:17:03\u0027\nSystem info: host: \u0027DESKTOP-F75O7MS\u0027, ip: \u0027192.168.1.213\u0027, os.name: \u0027Windows 10\u0027, os.arch: \u0027amd64\u0027, os.version: \u002710.0\u0027, java.version: \u002711.0.8\u0027\nDriver info: org.openqa.selenium.chrome.ChromeDriver\nCapabilities {acceptInsecureCerts: false, browserName: chrome, browserVersion: 85.0.4183.102, chrome: {chromedriverVersion: 84.0.4147.30 (48b3e868b4cc0..., userDataDir: C:\\Users\\debna\\AppData\\Loca...}, goog:chromeOptions: {debuggerAddress: localhost:53342}, javascriptEnabled: true, networkConnectionEnabled: false, pageLoadStrategy: normal, platform: WINDOWS, platformName: WINDOWS, proxy: Proxy(), setWindowRect: true, strictFileInteractability: false, timeouts: {implicit: 0, pageLoad: 300000, script: 30000}, unhandledPromptBehavior: dismiss and notify, webauthn:virtualAuthenticators: true}\nSession ID: 0d633fa0b7ae928a3ceb18e1b60f1042\n*** Element info: {Using\u003dname, value\u003dbetterMoney}\r\n\tat jdk.internal.reflect.GeneratedConstructorAccessor13.newInstance(Unknown Source)\r\n\tat java.base/jdk.internal.reflect.DelegatingConstructorAccessorImpl.newInstance(DelegatingConstructorAccessorImpl.java:45)\r\n\tat java.base/java.lang.reflect.Constructor.newInstance(Constructor.java:490)\r\n\tat org.openqa.selenium.remote.http.W3CHttpResponseCodec.createException(W3CHttpResponseCodec.java:187)\r\n\tat org.openqa.selenium.remote.http.W3CHttpResponseCodec.decode(W3CHttpResponseCodec.java:122)\r\n\tat org.openqa.selenium.remote.http.W3CHttpResponseCodec.decode(W3CHttpResponseCodec.java:49)\r\n\tat org.openqa.selenium.remote.HttpCommandExecutor.execute(HttpCommandExecutor.java:158)\r\n\tat org.openqa.selenium.remote.service.DriverCommandExecutor.execute(DriverCommandExecutor.java:83)\r\n\tat org.openqa.selenium.remote.RemoteWebDriver.execute(RemoteWebDriver.java:552)\r\n\tat org.openqa.selenium.remote.RemoteWebDriver.findElement(RemoteWebDriver.java:323)\r\n\tat org.openqa.selenium.remote.RemoteWebDriver.findElementByName(RemoteWebDriver.java:404)\r\n\tat org.openqa.selenium.By$ByName.findElement(By.java:284)\r\n\tat org.openqa.selenium.support.ByIdOrName.findElement(ByIdOrName.java:50)\r\n\tat org.openqa.selenium.remote.RemoteWebDriver.findElement(RemoteWebDriver.java:315)\r\n\tat org.openqa.selenium.support.pagefactory.DefaultElementLocator.findElement(DefaultElementLocator.java:69)\r\n\tat org.openqa.selenium.support.pagefactory.internal.LocatingElementHandler.invoke(LocatingElementHandler.java:38)\r\n\tat com.sun.proxy.$Proxy23.isEnabled(Unknown Source)\r\n\tat home.HomePage.betterMoneyIsEnable(HomePage.java:91)\r\n\tat home.HomePage.verifyBetterMoney(HomePage.java:94)\r\n\tat stepDefinitions.HomeStepDefinition.i_validate_the_test_by_checking_better_money_is_clickable(HomeStepDefinition.java:118)\r\n\tat ✽.I validate the test by checking better money is clickable(file:///C:/Users/debna/IdeaProjects/BDDWebAutomationFramework_Team1/BankOfAmerica/src/test/java/features/HomePage.feature:47)\r\n",
              "duration": 20201424900,
              "status": "failed"
            },
            "before": [
              {
                "result": {
                  "duration": 1988500,
                  "status": "passed"
                },
                "match": {
                  "location": "stepDefinitions.HomeStepDefinition.getInit()"
                }
              }
            ],
            "line": 47,
            "name": "I validate the test by checking better money is clickable",
            "match": {
              "location": "stepDefinitions.HomeStepDefinition.i_validate_the_test_by_checking_better_money_is_clickable()"
            },
            "keyword": "Then "
          }
        ],
        "tags": [
          {
            "name": "@SmokeTest"
          }
        ]
      },
      {
        "line": 3,
        "name": "",
        "description": "",
        "type": "background",
        "keyword": "Background",
        "steps": [
          {
            "result": {
              "duration": 5768626000,
              "status": "passed"
            },
            "before": [
              {
                "result": {
                  "duration": 1002100,
                  "status": "passed"
                },
                "match": {
                  "location": "stepDefinitions.HomeStepDefinition.getInit()"
                }
              }
            ],
            "line": 4,
            "name": "I am on Bank of America Homepage",
            "match": {
              "location": "stepDefinitions.HomeStepDefinition.i_am_on_bank_of_america_homepage()"
            },
            "keyword": "Given "
          }
        ]
      },
      {
        "start_timestamp": "2020-09-25T06:10:59.742Z",
        "line": 50,
        "name": "Small Business functionality check",
        "description": "",
        "id": "bank-of-america-homepage-functionality-check;small-business-functionality-check",
        "after": [
          {
            "result": {
              "duration": 783452900,
              "status": "passed"
            },
            "match": {
              "location": "stepDefinitions.HomeStepDefinition.closeBrowser()"
            }
          }
        ],
        "type": "scenario",
        "keyword": "Scenario",
        "steps": [
          {
            "result": {
              "duration": 20903268000,
              "status": "passed"
            },
            "before": [
              {
                "result": {
                  "status": "passed"
                },
                "match": {
                  "location": "stepDefinitions.HomeStepDefinition.getInit()"
                }
              }
            ],
            "line": 51,
            "name": "I click on Small Business button",
            "match": {
              "location": "stepDefinitions.HomeStepDefinition.i_click_on_small_business_button()"
            },
            "keyword": "When "
          },
          {
            "result": {
              "error_message": "org.openqa.selenium.NoSuchElementException: no such element: Unable to locate element: {\"method\":\"css selector\",\"selector\":\"*[name\u003d\u0027smallBusiness\u0027]\"}\n  (Session info: chrome\u003d85.0.4183.102)\nFor documentation on this error, please visit: https://www.seleniumhq.org/exceptions/no_such_element.html\nBuild info: version: \u00273.141.59\u0027, revision: \u0027e82be7d358\u0027, time: \u00272018-11-14T08:17:03\u0027\nSystem info: host: \u0027DESKTOP-F75O7MS\u0027, ip: \u0027192.168.1.213\u0027, os.name: \u0027Windows 10\u0027, os.arch: \u0027amd64\u0027, os.version: \u002710.0\u0027, java.version: \u002711.0.8\u0027\nDriver info: org.openqa.selenium.chrome.ChromeDriver\nCapabilities {acceptInsecureCerts: false, browserName: chrome, browserVersion: 85.0.4183.102, chrome: {chromedriverVersion: 84.0.4147.30 (48b3e868b4cc0..., userDataDir: C:\\Users\\debna\\AppData\\Loca...}, goog:chromeOptions: {debuggerAddress: localhost:53402}, javascriptEnabled: true, networkConnectionEnabled: false, pageLoadStrategy: normal, platform: WINDOWS, platformName: WINDOWS, proxy: Proxy(), setWindowRect: true, strictFileInteractability: false, timeouts: {implicit: 0, pageLoad: 300000, script: 30000}, unhandledPromptBehavior: dismiss and notify, webauthn:virtualAuthenticators: true}\nSession ID: ce4bae8259f542f1770271c8de4f985c\n*** Element info: {Using\u003dname, value\u003dsmallBusiness}\r\n\tat jdk.internal.reflect.GeneratedConstructorAccessor13.newInstance(Unknown Source)\r\n\tat java.base/jdk.internal.reflect.DelegatingConstructorAccessorImpl.newInstance(DelegatingConstructorAccessorImpl.java:45)\r\n\tat java.base/java.lang.reflect.Constructor.newInstance(Constructor.java:490)\r\n\tat org.openqa.selenium.remote.http.W3CHttpResponseCodec.createException(W3CHttpResponseCodec.java:187)\r\n\tat org.openqa.selenium.remote.http.W3CHttpResponseCodec.decode(W3CHttpResponseCodec.java:122)\r\n\tat org.openqa.selenium.remote.http.W3CHttpResponseCodec.decode(W3CHttpResponseCodec.java:49)\r\n\tat org.openqa.selenium.remote.HttpCommandExecutor.execute(HttpCommandExecutor.java:158)\r\n\tat org.openqa.selenium.remote.service.DriverCommandExecutor.execute(DriverCommandExecutor.java:83)\r\n\tat org.openqa.selenium.remote.RemoteWebDriver.execute(RemoteWebDriver.java:552)\r\n\tat org.openqa.selenium.remote.RemoteWebDriver.findElement(RemoteWebDriver.java:323)\r\n\tat org.openqa.selenium.remote.RemoteWebDriver.findElementByName(RemoteWebDriver.java:404)\r\n\tat org.openqa.selenium.By$ByName.findElement(By.java:284)\r\n\tat org.openqa.selenium.support.ByIdOrName.findElement(ByIdOrName.java:50)\r\n\tat org.openqa.selenium.remote.RemoteWebDriver.findElement(RemoteWebDriver.java:315)\r\n\tat org.openqa.selenium.support.pagefactory.DefaultElementLocator.findElement(DefaultElementLocator.java:69)\r\n\tat org.openqa.selenium.support.pagefactory.internal.LocatingElementHandler.invoke(LocatingElementHandler.java:38)\r\n\tat com.sun.proxy.$Proxy23.isEnabled(Unknown Source)\r\n\tat home.HomePage.smallBusinessIsEnable(HomePage.java:101)\r\n\tat home.HomePage.verifySmallBusiness(HomePage.java:104)\r\n\tat stepDefinitions.HomeStepDefinition.i_validate_the_test_by_checking_small_business_is_clickable(HomeStepDefinition.java:127)\r\n\tat ✽.I validate the test by checking small business is clickable(file:///C:/Users/debna/IdeaProjects/BDDWebAutomationFramework_Team1/BankOfAmerica/src/test/java/features/HomePage.feature:52)\r\n",
              "duration": 20119237100,
              "status": "failed"
            },
            "before": [
              {
                "result": {
                  "status": "passed"
                },
                "match": {
                  "location": "stepDefinitions.HomeStepDefinition.getInit()"
                }
              }
            ],
            "line": 52,
            "name": "I validate the test by checking small business is clickable",
            "match": {
              "location": "stepDefinitions.HomeStepDefinition.i_validate_the_test_by_checking_small_business_is_clickable()"
            },
            "keyword": "Then "
          }
        ],
        "tags": [
          {
            "name": "@SmokeTest"
          }
        ]
      },
      {
        "line": 3,
        "name": "",
        "description": "",
        "type": "background",
        "keyword": "Background",
        "steps": [
          {
            "result": {
              "duration": 5487980300,
              "status": "passed"
            },
            "before": [
              {
                "result": {
                  "status": "passed"
                },
                "match": {
                  "location": "stepDefinitions.HomeStepDefinition.getInit()"
                }
              }
            ],
            "line": 4,
            "name": "I am on Bank of America Homepage",
            "match": {
              "location": "stepDefinitions.HomeStepDefinition.i_am_on_bank_of_america_homepage()"
            },
            "keyword": "Given "
          }
        ]
      },
      {
        "start_timestamp": "2020-09-25T06:11:47.432Z",
        "line": 55,
        "name": "Wealth Management functionality check",
        "description": "",
        "id": "bank-of-america-homepage-functionality-check;wealth-management-functionality-check",
        "after": [
          {
            "result": {
              "duration": 801668300,
              "status": "passed"
            },
            "match": {
              "location": "stepDefinitions.HomeStepDefinition.closeBrowser()"
            }
          }
        ],
        "type": "scenario",
        "keyword": "Scenario",
        "steps": [
          {
            "result": {
              "duration": 40527479000,
              "status": "passed"
            },
            "before": [
              {
                "result": {
                  "status": "passed"
                },
                "match": {
                  "location": "stepDefinitions.HomeStepDefinition.getInit()"
                }
              }
            ],
            "line": 56,
            "name": "I click on Wealth Management button",
            "match": {
              "location": "stepDefinitions.HomeStepDefinition.i_click_on_wealth_management_button()"
            },
            "keyword": "When "
          },
          {
            "result": {
              "error_message": "org.openqa.selenium.NoSuchElementException: no such element: Unable to locate element: {\"method\":\"css selector\",\"selector\":\"*[name\u003d\u0027wealthManagement\u0027]\"}\n  (Session info: chrome\u003d85.0.4183.102)\nFor documentation on this error, please visit: https://www.seleniumhq.org/exceptions/no_such_element.html\nBuild info: version: \u00273.141.59\u0027, revision: \u0027e82be7d358\u0027, time: \u00272018-11-14T08:17:03\u0027\nSystem info: host: \u0027DESKTOP-F75O7MS\u0027, ip: \u0027192.168.1.213\u0027, os.name: \u0027Windows 10\u0027, os.arch: \u0027amd64\u0027, os.version: \u002710.0\u0027, java.version: \u002711.0.8\u0027\nDriver info: org.openqa.selenium.chrome.ChromeDriver\nCapabilities {acceptInsecureCerts: false, browserName: chrome, browserVersion: 85.0.4183.102, chrome: {chromedriverVersion: 84.0.4147.30 (48b3e868b4cc0..., userDataDir: C:\\Users\\debna\\AppData\\Loca...}, goog:chromeOptions: {debuggerAddress: localhost:53484}, javascriptEnabled: true, networkConnectionEnabled: false, pageLoadStrategy: normal, platform: WINDOWS, platformName: WINDOWS, proxy: Proxy(), setWindowRect: true, strictFileInteractability: false, timeouts: {implicit: 0, pageLoad: 300000, script: 30000}, unhandledPromptBehavior: dismiss and notify, webauthn:virtualAuthenticators: true}\nSession ID: 17a99f76b9b93aec21b7903a26dac1b3\n*** Element info: {Using\u003dname, value\u003dwealthManagement}\r\n\tat jdk.internal.reflect.GeneratedConstructorAccessor13.newInstance(Unknown Source)\r\n\tat java.base/jdk.internal.reflect.DelegatingConstructorAccessorImpl.newInstance(DelegatingConstructorAccessorImpl.java:45)\r\n\tat java.base/java.lang.reflect.Constructor.newInstance(Constructor.java:490)\r\n\tat org.openqa.selenium.remote.http.W3CHttpResponseCodec.createException(W3CHttpResponseCodec.java:187)\r\n\tat org.openqa.selenium.remote.http.W3CHttpResponseCodec.decode(W3CHttpResponseCodec.java:122)\r\n\tat org.openqa.selenium.remote.http.W3CHttpResponseCodec.decode(W3CHttpResponseCodec.java:49)\r\n\tat org.openqa.selenium.remote.HttpCommandExecutor.execute(HttpCommandExecutor.java:158)\r\n\tat org.openqa.selenium.remote.service.DriverCommandExecutor.execute(DriverCommandExecutor.java:83)\r\n\tat org.openqa.selenium.remote.RemoteWebDriver.execute(RemoteWebDriver.java:552)\r\n\tat org.openqa.selenium.remote.RemoteWebDriver.findElement(RemoteWebDriver.java:323)\r\n\tat org.openqa.selenium.remote.RemoteWebDriver.findElementByName(RemoteWebDriver.java:404)\r\n\tat org.openqa.selenium.By$ByName.findElement(By.java:284)\r\n\tat org.openqa.selenium.support.ByIdOrName.findElement(ByIdOrName.java:50)\r\n\tat org.openqa.selenium.remote.RemoteWebDriver.findElement(RemoteWebDriver.java:315)\r\n\tat org.openqa.selenium.support.pagefactory.DefaultElementLocator.findElement(DefaultElementLocator.java:69)\r\n\tat org.openqa.selenium.support.pagefactory.internal.LocatingElementHandler.invoke(LocatingElementHandler.java:38)\r\n\tat com.sun.proxy.$Proxy23.isEnabled(Unknown Source)\r\n\tat home.HomePage.wealthManagementIsEnable(HomePage.java:111)\r\n\tat home.HomePage.verifyWealthManagement(HomePage.java:114)\r\n\tat stepDefinitions.HomeStepDefinition.i_validate_the_test_by_checking_wealth_management_is_clickable(HomeStepDefinition.java:136)\r\n\tat ✽.I validate the test by checking wealth management is clickable(file:///C:/Users/debna/IdeaProjects/BDDWebAutomationFramework_Team1/BankOfAmerica/src/test/java/features/HomePage.feature:57)\r\n",
              "duration": 20108675500,
              "status": "failed"
            },
            "before": [
              {
                "result": {
                  "status": "passed"
                },
                "match": {
                  "location": "stepDefinitions.HomeStepDefinition.getInit()"
                }
              }
            ],
            "line": 57,
            "name": "I validate the test by checking wealth management is clickable",
            "match": {
              "location": "stepDefinitions.HomeStepDefinition.i_validate_the_test_by_checking_wealth_management_is_clickable()"
            },
            "keyword": "Then "
          }
        ],
        "tags": [
          {
            "name": "@SmokeTest"
          }
        ]
      },
      {
        "line": 3,
        "name": "",
        "description": "",
        "type": "background",
        "keyword": "Background",
        "steps": [
          {
            "result": {
              "duration": 4743708400,
              "status": "passed"
            },
            "before": [
              {
                "result": {
                  "duration": 999500,
                  "status": "passed"
                },
                "match": {
                  "location": "stepDefinitions.HomeStepDefinition.getInit()"
                }
              }
            ],
            "line": 4,
            "name": "I am on Bank of America Homepage",
            "match": {
              "location": "stepDefinitions.HomeStepDefinition.i_am_on_bank_of_america_homepage()"
            },
            "keyword": "Given "
          }
        ]
      },
      {
        "start_timestamp": "2020-09-25T06:12:54.439Z",
        "line": 60,
        "name": "Business and Institutions functionality check",
        "description": "",
        "id": "bank-of-america-homepage-functionality-check;business-and-institutions-functionality-check",
        "after": [
          {
            "result": {
              "duration": 910786800,
              "status": "passed"
            },
            "match": {
              "location": "stepDefinitions.HomeStepDefinition.closeBrowser()"
            }
          }
        ],
        "type": "scenario",
        "keyword": "Scenario",
        "steps": [
          {
            "result": {
              "duration": 3855558100,
              "status": "passed"
            },
            "before": [
              {
                "result": {
                  "duration": 998900,
                  "status": "passed"
                },
                "match": {
                  "location": "stepDefinitions.HomeStepDefinition.getInit()"
                }
              }
            ],
            "line": 61,
            "name": "I click on Business and Institutions button",
            "match": {
              "location": "stepDefinitions.HomeStepDefinition.iClickOnBusinessAndInstitutionsButton()"
            },
            "keyword": "When "
          },
          {
            "result": {
              "error_message": "org.openqa.selenium.NoSuchElementException: no such element: Unable to locate element: {\"method\":\"css selector\",\"selector\":\"*[name\u003d\u0027businessAndInstitutions\u0027]\"}\n  (Session info: chrome\u003d85.0.4183.102)\nFor documentation on this error, please visit: https://www.seleniumhq.org/exceptions/no_such_element.html\nBuild info: version: \u00273.141.59\u0027, revision: \u0027e82be7d358\u0027, time: \u00272018-11-14T08:17:03\u0027\nSystem info: host: \u0027DESKTOP-F75O7MS\u0027, ip: \u0027192.168.1.213\u0027, os.name: \u0027Windows 10\u0027, os.arch: \u0027amd64\u0027, os.version: \u002710.0\u0027, java.version: \u002711.0.8\u0027\nDriver info: org.openqa.selenium.chrome.ChromeDriver\nCapabilities {acceptInsecureCerts: false, browserName: chrome, browserVersion: 85.0.4183.102, chrome: {chromedriverVersion: 84.0.4147.30 (48b3e868b4cc0..., userDataDir: C:\\Users\\debna\\AppData\\Loca...}, goog:chromeOptions: {debuggerAddress: localhost:53546}, javascriptEnabled: true, networkConnectionEnabled: false, pageLoadStrategy: normal, platform: WINDOWS, platformName: WINDOWS, proxy: Proxy(), setWindowRect: true, strictFileInteractability: false, timeouts: {implicit: 0, pageLoad: 300000, script: 30000}, unhandledPromptBehavior: dismiss and notify, webauthn:virtualAuthenticators: true}\nSession ID: a883d3f81f917cf3c7ebec11e203c7d6\n*** Element info: {Using\u003dname, value\u003dbusinessAndInstitutions}\r\n\tat jdk.internal.reflect.GeneratedConstructorAccessor13.newInstance(Unknown Source)\r\n\tat java.base/jdk.internal.reflect.DelegatingConstructorAccessorImpl.newInstance(DelegatingConstructorAccessorImpl.java:45)\r\n\tat java.base/java.lang.reflect.Constructor.newInstance(Constructor.java:490)\r\n\tat org.openqa.selenium.remote.http.W3CHttpResponseCodec.createException(W3CHttpResponseCodec.java:187)\r\n\tat org.openqa.selenium.remote.http.W3CHttpResponseCodec.decode(W3CHttpResponseCodec.java:122)\r\n\tat org.openqa.selenium.remote.http.W3CHttpResponseCodec.decode(W3CHttpResponseCodec.java:49)\r\n\tat org.openqa.selenium.remote.HttpCommandExecutor.execute(HttpCommandExecutor.java:158)\r\n\tat org.openqa.selenium.remote.service.DriverCommandExecutor.execute(DriverCommandExecutor.java:83)\r\n\tat org.openqa.selenium.remote.RemoteWebDriver.execute(RemoteWebDriver.java:552)\r\n\tat org.openqa.selenium.remote.RemoteWebDriver.findElement(RemoteWebDriver.java:323)\r\n\tat org.openqa.selenium.remote.RemoteWebDriver.findElementByName(RemoteWebDriver.java:404)\r\n\tat org.openqa.selenium.By$ByName.findElement(By.java:284)\r\n\tat org.openqa.selenium.support.ByIdOrName.findElement(ByIdOrName.java:50)\r\n\tat org.openqa.selenium.remote.RemoteWebDriver.findElement(RemoteWebDriver.java:315)\r\n\tat org.openqa.selenium.support.pagefactory.DefaultElementLocator.findElement(DefaultElementLocator.java:69)\r\n\tat org.openqa.selenium.support.pagefactory.internal.LocatingElementHandler.invoke(LocatingElementHandler.java:38)\r\n\tat com.sun.proxy.$Proxy23.isEnabled(Unknown Source)\r\n\tat home.HomePage.businessAndInstitutionsIsEnable(HomePage.java:121)\r\n\tat home.HomePage.verifyBusinessAndInstitutions(HomePage.java:124)\r\n\tat stepDefinitions.HomeStepDefinition.i_validate_the_test_by_checking_business_and_institutions_is_clickable(HomeStepDefinition.java:150)\r\n\tat ✽.I validate the test by checking business and institutions is clickable(file:///C:/Users/debna/IdeaProjects/BDDWebAutomationFramework_Team1/BankOfAmerica/src/test/java/features/HomePage.feature:62)\r\n",
              "duration": 20095473700,
              "status": "failed"
            },
            "before": [
              {
                "result": {
                  "status": "passed"
                },
                "match": {
                  "location": "stepDefinitions.HomeStepDefinition.getInit()"
                }
              }
            ],
            "line": 62,
            "name": "I validate the test by checking business and institutions is clickable",
            "match": {
              "location": "stepDefinitions.HomeStepDefinition.i_validate_the_test_by_checking_business_and_institutions_is_clickable()"
            },
            "keyword": "Then "
          }
        ],
        "tags": [
          {
            "name": "@SmokeTest"
          }
        ]
      },
      {
        "line": 3,
        "name": "",
        "description": "",
        "type": "background",
        "keyword": "Background",
        "steps": [
          {
            "result": {
              "duration": 4587116000,
              "status": "passed"
            },
            "before": [
              {
                "result": {
                  "duration": 1000100,
                  "status": "passed"
                },
                "match": {
                  "location": "stepDefinitions.HomeStepDefinition.getInit()"
                }
              }
            ],
            "line": 4,
            "name": "I am on Bank of America Homepage",
            "match": {
              "location": "stepDefinitions.HomeStepDefinition.i_am_on_bank_of_america_homepage()"
            },
            "keyword": "Given "
          }
        ]
      },
      {
        "start_timestamp": "2020-09-25T06:13:24.188Z",
        "line": 65,
        "name": "Security functionality check",
        "description": "",
        "id": "bank-of-america-homepage-functionality-check;security-functionality-check",
        "after": [
          {
            "result": {
              "duration": 850147500,
              "status": "passed"
            },
            "match": {
              "location": "stepDefinitions.HomeStepDefinition.closeBrowser()"
            }
          }
        ],
        "type": "scenario",
        "keyword": "Scenario",
        "steps": [
          {
            "result": {
              "duration": 21885147000,
              "status": "passed"
            },
            "before": [
              {
                "result": {
                  "status": "passed"
                },
                "match": {
                  "location": "stepDefinitions.HomeStepDefinition.getInit()"
                }
              }
            ],
            "line": 66,
            "name": "I click on Security button",
            "match": {
              "location": "stepDefinitions.HomeStepDefinition.i_click_on_security_button()"
            },
            "keyword": "When "
          },
          {
            "result": {
              "error_message": "org.openqa.selenium.NoSuchElementException: no such element: Unable to locate element: {\"method\":\"css selector\",\"selector\":\"*[name\u003d\u0027security\u0027]\"}\n  (Session info: chrome\u003d85.0.4183.102)\nFor documentation on this error, please visit: https://www.seleniumhq.org/exceptions/no_such_element.html\nBuild info: version: \u00273.141.59\u0027, revision: \u0027e82be7d358\u0027, time: \u00272018-11-14T08:17:03\u0027\nSystem info: host: \u0027DESKTOP-F75O7MS\u0027, ip: \u0027192.168.1.213\u0027, os.name: \u0027Windows 10\u0027, os.arch: \u0027amd64\u0027, os.version: \u002710.0\u0027, java.version: \u002711.0.8\u0027\nDriver info: org.openqa.selenium.chrome.ChromeDriver\nCapabilities {acceptInsecureCerts: false, browserName: chrome, browserVersion: 85.0.4183.102, chrome: {chromedriverVersion: 84.0.4147.30 (48b3e868b4cc0..., userDataDir: C:\\Users\\debna\\AppData\\Loca...}, goog:chromeOptions: {debuggerAddress: localhost:53630}, javascriptEnabled: true, networkConnectionEnabled: false, pageLoadStrategy: normal, platform: WINDOWS, platformName: WINDOWS, proxy: Proxy(), setWindowRect: true, strictFileInteractability: false, timeouts: {implicit: 0, pageLoad: 300000, script: 30000}, unhandledPromptBehavior: dismiss and notify, webauthn:virtualAuthenticators: true}\nSession ID: ef7cf33bcdc163571062f4101e7c0e3c\n*** Element info: {Using\u003dname, value\u003dsecurity}\r\n\tat jdk.internal.reflect.GeneratedConstructorAccessor13.newInstance(Unknown Source)\r\n\tat java.base/jdk.internal.reflect.DelegatingConstructorAccessorImpl.newInstance(DelegatingConstructorAccessorImpl.java:45)\r\n\tat java.base/java.lang.reflect.Constructor.newInstance(Constructor.java:490)\r\n\tat org.openqa.selenium.remote.http.W3CHttpResponseCodec.createException(W3CHttpResponseCodec.java:187)\r\n\tat org.openqa.selenium.remote.http.W3CHttpResponseCodec.decode(W3CHttpResponseCodec.java:122)\r\n\tat org.openqa.selenium.remote.http.W3CHttpResponseCodec.decode(W3CHttpResponseCodec.java:49)\r\n\tat org.openqa.selenium.remote.HttpCommandExecutor.execute(HttpCommandExecutor.java:158)\r\n\tat org.openqa.selenium.remote.service.DriverCommandExecutor.execute(DriverCommandExecutor.java:83)\r\n\tat org.openqa.selenium.remote.RemoteWebDriver.execute(RemoteWebDriver.java:552)\r\n\tat org.openqa.selenium.remote.RemoteWebDriver.findElement(RemoteWebDriver.java:323)\r\n\tat org.openqa.selenium.remote.RemoteWebDriver.findElementByName(RemoteWebDriver.java:404)\r\n\tat org.openqa.selenium.By$ByName.findElement(By.java:284)\r\n\tat org.openqa.selenium.support.ByIdOrName.findElement(ByIdOrName.java:50)\r\n\tat org.openqa.selenium.remote.RemoteWebDriver.findElement(RemoteWebDriver.java:315)\r\n\tat org.openqa.selenium.support.pagefactory.DefaultElementLocator.findElement(DefaultElementLocator.java:69)\r\n\tat org.openqa.selenium.support.pagefactory.internal.LocatingElementHandler.invoke(LocatingElementHandler.java:38)\r\n\tat com.sun.proxy.$Proxy23.isEnabled(Unknown Source)\r\n\tat home.HomePage.securityIsEnable(HomePage.java:131)\r\n\tat home.HomePage.verifySecurity(HomePage.java:134)\r\n\tat stepDefinitions.HomeStepDefinition.i_validate_the_test_by_checking_security_is_clickable(HomeStepDefinition.java:159)\r\n\tat ✽.I validate the test by checking security is clickable(file:///C:/Users/debna/IdeaProjects/BDDWebAutomationFramework_Team1/BankOfAmerica/src/test/java/features/HomePage.feature:67)\r\n",
              "duration": 20077151100,
              "status": "failed"
            },
            "before": [
              {
                "result": {
                  "duration": 999700,
                  "status": "passed"
                },
                "match": {
                  "location": "stepDefinitions.HomeStepDefinition.getInit()"
                }
              }
            ],
            "line": 67,
            "name": "I validate the test by checking security is clickable",
            "match": {
              "location": "stepDefinitions.HomeStepDefinition.i_validate_the_test_by_checking_security_is_clickable()"
            },
            "keyword": "Then "
          }
        ],
        "tags": [
          {
            "name": "@SmokeTest"
          }
        ]
      },
      {
        "line": 3,
        "name": "",
        "description": "",
        "type": "background",
        "keyword": "Background",
        "steps": [
          {
            "result": {
              "duration": 4424253300,
              "status": "passed"
            },
            "before": [
              {
                "result": {
                  "duration": 1000500,
                  "status": "passed"
                },
                "match": {
                  "location": "stepDefinitions.HomeStepDefinition.getInit()"
                }
              }
            ],
            "line": 4,
            "name": "I am on Bank of America Homepage",
            "match": {
              "location": "stepDefinitions.HomeStepDefinition.i_am_on_bank_of_america_homepage()"
            },
            "keyword": "Given "
          }
        ]
      },
      {
        "start_timestamp": "2020-09-25T06:14:11.681Z",
        "line": 70,
        "name": "About Us functionality check",
        "description": "",
        "id": "bank-of-america-homepage-functionality-check;about-us-functionality-check",
        "after": [
          {
            "result": {
              "duration": 770918100,
              "status": "passed"
            },
            "match": {
              "location": "stepDefinitions.HomeStepDefinition.closeBrowser()"
            }
          }
        ],
        "type": "scenario",
        "keyword": "Scenario",
        "steps": [
          {
            "result": {
              "duration": 4613515900,
              "status": "passed"
            },
            "before": [
              {
                "result": {
                  "duration": 997500,
                  "status": "passed"
                },
                "match": {
                  "location": "stepDefinitions.HomeStepDefinition.getInit()"
                }
              }
            ],
            "line": 71,
            "name": "I click on About Us button",
            "match": {
              "location": "stepDefinitions.HomeStepDefinition.i_click_on_about_us_button()"
            },
            "keyword": "When "
          },
          {
            "result": {
              "error_message": "org.openqa.selenium.NoSuchElementException: no such element: Unable to locate element: {\"method\":\"css selector\",\"selector\":\"*[name\u003d\u0027aboutUs\u0027]\"}\n  (Session info: chrome\u003d85.0.4183.102)\nFor documentation on this error, please visit: https://www.seleniumhq.org/exceptions/no_such_element.html\nBuild info: version: \u00273.141.59\u0027, revision: \u0027e82be7d358\u0027, time: \u00272018-11-14T08:17:03\u0027\nSystem info: host: \u0027DESKTOP-F75O7MS\u0027, ip: \u0027192.168.1.213\u0027, os.name: \u0027Windows 10\u0027, os.arch: \u0027amd64\u0027, os.version: \u002710.0\u0027, java.version: \u002711.0.8\u0027\nDriver info: org.openqa.selenium.chrome.ChromeDriver\nCapabilities {acceptInsecureCerts: false, browserName: chrome, browserVersion: 85.0.4183.102, chrome: {chromedriverVersion: 84.0.4147.30 (48b3e868b4cc0..., userDataDir: C:\\Users\\debna\\AppData\\Loca...}, goog:chromeOptions: {debuggerAddress: localhost:53702}, javascriptEnabled: true, networkConnectionEnabled: false, pageLoadStrategy: normal, platform: WINDOWS, platformName: WINDOWS, proxy: Proxy(), setWindowRect: true, strictFileInteractability: false, timeouts: {implicit: 0, pageLoad: 300000, script: 30000}, unhandledPromptBehavior: dismiss and notify, webauthn:virtualAuthenticators: true}\nSession ID: 59cb60ee2bf63a2e630bdce28b597299\n*** Element info: {Using\u003dname, value\u003daboutUs}\r\n\tat jdk.internal.reflect.GeneratedConstructorAccessor13.newInstance(Unknown Source)\r\n\tat java.base/jdk.internal.reflect.DelegatingConstructorAccessorImpl.newInstance(DelegatingConstructorAccessorImpl.java:45)\r\n\tat java.base/java.lang.reflect.Constructor.newInstance(Constructor.java:490)\r\n\tat org.openqa.selenium.remote.http.W3CHttpResponseCodec.createException(W3CHttpResponseCodec.java:187)\r\n\tat org.openqa.selenium.remote.http.W3CHttpResponseCodec.decode(W3CHttpResponseCodec.java:122)\r\n\tat org.openqa.selenium.remote.http.W3CHttpResponseCodec.decode(W3CHttpResponseCodec.java:49)\r\n\tat org.openqa.selenium.remote.HttpCommandExecutor.execute(HttpCommandExecutor.java:158)\r\n\tat org.openqa.selenium.remote.service.DriverCommandExecutor.execute(DriverCommandExecutor.java:83)\r\n\tat org.openqa.selenium.remote.RemoteWebDriver.execute(RemoteWebDriver.java:552)\r\n\tat org.openqa.selenium.remote.RemoteWebDriver.findElement(RemoteWebDriver.java:323)\r\n\tat org.openqa.selenium.remote.RemoteWebDriver.findElementByName(RemoteWebDriver.java:404)\r\n\tat org.openqa.selenium.By$ByName.findElement(By.java:284)\r\n\tat org.openqa.selenium.support.ByIdOrName.findElement(ByIdOrName.java:50)\r\n\tat org.openqa.selenium.remote.RemoteWebDriver.findElement(RemoteWebDriver.java:315)\r\n\tat org.openqa.selenium.support.pagefactory.DefaultElementLocator.findElement(DefaultElementLocator.java:69)\r\n\tat org.openqa.selenium.support.pagefactory.internal.LocatingElementHandler.invoke(LocatingElementHandler.java:38)\r\n\tat com.sun.proxy.$Proxy23.isEnabled(Unknown Source)\r\n\tat home.HomePage.aboutUsIsEnable(HomePage.java:141)\r\n\tat home.HomePage.verifyAboutUs(HomePage.java:144)\r\n\tat stepDefinitions.HomeStepDefinition.i_validate_the_test_by_checking_about_us_is_clickable(HomeStepDefinition.java:168)\r\n\tat ✽.I validate the test by checking about us is clickable(file:///C:/Users/debna/IdeaProjects/BDDWebAutomationFramework_Team1/BankOfAmerica/src/test/java/features/HomePage.feature:72)\r\n",
              "duration": 20268325700,
              "status": "failed"
            },
            "before": [
              {
                "result": {
                  "duration": 999400,
                  "status": "passed"
                },
                "match": {
                  "location": "stepDefinitions.HomeStepDefinition.getInit()"
                }
              }
            ],
            "line": 72,
            "name": "I validate the test by checking about us is clickable",
            "match": {
              "location": "stepDefinitions.HomeStepDefinition.i_validate_the_test_by_checking_about_us_is_clickable()"
            },
            "keyword": "Then "
          }
        ],
        "tags": [
          {
            "name": "@SmokeTest"
          }
        ]
      },
      {
        "line": 3,
        "name": "",
        "description": "",
        "type": "background",
        "keyword": "Background",
        "steps": [
          {
            "result": {
              "duration": 5009361600,
              "status": "passed"
            },
            "before": [
              {
                "result": {
                  "duration": 1999700,
                  "status": "passed"
                },
                "match": {
                  "location": "stepDefinitions.HomeStepDefinition.getInit()"
                }
              }
            ],
            "line": 4,
            "name": "I am on Bank of America Homepage",
            "match": {
              "location": "stepDefinitions.HomeStepDefinition.i_am_on_bank_of_america_homepage()"
            },
            "keyword": "Given "
          }
        ]
      },
      {
        "start_timestamp": "2020-09-25T06:14:41.824Z",
        "line": 75,
        "name": "En Espanol functionality check",
        "description": "",
        "id": "bank-of-america-homepage-functionality-check;en-espanol-functionality-check",
        "after": [
          {
            "result": {
              "duration": 942225000,
              "status": "passed"
            },
            "match": {
              "location": "stepDefinitions.HomeStepDefinition.closeBrowser()"
            }
          }
        ],
        "type": "scenario",
        "keyword": "Scenario",
        "steps": [
          {
            "result": {
              "duration": 3379477400,
              "status": "passed"
            },
            "before": [
              {
                "result": {
                  "duration": 1001200,
                  "status": "passed"
                },
                "match": {
                  "location": "stepDefinitions.HomeStepDefinition.getInit()"
                }
              }
            ],
            "line": 76,
            "name": "I click on En Espanol button",
            "match": {
              "location": "stepDefinitions.HomeStepDefinition.i_click_on_en_spanol_button()"
            },
            "keyword": "When "
          },
          {
            "result": {
              "error_message": "org.openqa.selenium.NoSuchElementException: no such element: Unable to locate element: {\"method\":\"css selector\",\"selector\":\"*[name\u003d\u0027enEspanol\u0027]\"}\n  (Session info: chrome\u003d85.0.4183.102)\nFor documentation on this error, please visit: https://www.seleniumhq.org/exceptions/no_such_element.html\nBuild info: version: \u00273.141.59\u0027, revision: \u0027e82be7d358\u0027, time: \u00272018-11-14T08:17:03\u0027\nSystem info: host: \u0027DESKTOP-F75O7MS\u0027, ip: \u0027192.168.1.213\u0027, os.name: \u0027Windows 10\u0027, os.arch: \u0027amd64\u0027, os.version: \u002710.0\u0027, java.version: \u002711.0.8\u0027\nDriver info: org.openqa.selenium.chrome.ChromeDriver\nCapabilities {acceptInsecureCerts: false, browserName: chrome, browserVersion: 85.0.4183.102, chrome: {chromedriverVersion: 84.0.4147.30 (48b3e868b4cc0..., userDataDir: C:\\Users\\debna\\AppData\\Loca...}, goog:chromeOptions: {debuggerAddress: localhost:53779}, javascriptEnabled: true, networkConnectionEnabled: false, pageLoadStrategy: normal, platform: WINDOWS, platformName: WINDOWS, proxy: Proxy(), setWindowRect: true, strictFileInteractability: false, timeouts: {implicit: 0, pageLoad: 300000, script: 30000}, unhandledPromptBehavior: dismiss and notify, webauthn:virtualAuthenticators: true}\nSession ID: 5440dd43d0ef6780761839206822a86e\n*** Element info: {Using\u003dname, value\u003denEspanol}\r\n\tat jdk.internal.reflect.GeneratedConstructorAccessor13.newInstance(Unknown Source)\r\n\tat java.base/jdk.internal.reflect.DelegatingConstructorAccessorImpl.newInstance(DelegatingConstructorAccessorImpl.java:45)\r\n\tat java.base/java.lang.reflect.Constructor.newInstance(Constructor.java:490)\r\n\tat org.openqa.selenium.remote.http.W3CHttpResponseCodec.createException(W3CHttpResponseCodec.java:187)\r\n\tat org.openqa.selenium.remote.http.W3CHttpResponseCodec.decode(W3CHttpResponseCodec.java:122)\r\n\tat org.openqa.selenium.remote.http.W3CHttpResponseCodec.decode(W3CHttpResponseCodec.java:49)\r\n\tat org.openqa.selenium.remote.HttpCommandExecutor.execute(HttpCommandExecutor.java:158)\r\n\tat org.openqa.selenium.remote.service.DriverCommandExecutor.execute(DriverCommandExecutor.java:83)\r\n\tat org.openqa.selenium.remote.RemoteWebDriver.execute(RemoteWebDriver.java:552)\r\n\tat org.openqa.selenium.remote.RemoteWebDriver.findElement(RemoteWebDriver.java:323)\r\n\tat org.openqa.selenium.remote.RemoteWebDriver.findElementByName(RemoteWebDriver.java:404)\r\n\tat org.openqa.selenium.By$ByName.findElement(By.java:284)\r\n\tat org.openqa.selenium.support.ByIdOrName.findElement(ByIdOrName.java:50)\r\n\tat org.openqa.selenium.remote.RemoteWebDriver.findElement(RemoteWebDriver.java:315)\r\n\tat org.openqa.selenium.support.pagefactory.DefaultElementLocator.findElement(DefaultElementLocator.java:69)\r\n\tat org.openqa.selenium.support.pagefactory.internal.LocatingElementHandler.invoke(LocatingElementHandler.java:38)\r\n\tat com.sun.proxy.$Proxy23.isEnabled(Unknown Source)\r\n\tat home.HomePage.enEspanolIsEnable(HomePage.java:151)\r\n\tat home.HomePage.verifyEnEspanol(HomePage.java:154)\r\n\tat stepDefinitions.HomeStepDefinition.i_validate_the_test_by_checking_en_espanol_is_clickable(HomeStepDefinition.java:177)\r\n\tat ✽.I validate the test by checking en espanol is clickable(file:///C:/Users/debna/IdeaProjects/BDDWebAutomationFramework_Team1/BankOfAmerica/src/test/java/features/HomePage.feature:77)\r\n",
              "duration": 20127734300,
              "status": "failed"
            },
            "before": [
              {
                "result": {
                  "status": "passed"
                },
                "match": {
                  "location": "stepDefinitions.HomeStepDefinition.getInit()"
                }
              }
            ],
            "line": 77,
            "name": "I validate the test by checking en espanol is clickable",
            "match": {
              "location": "stepDefinitions.HomeStepDefinition.i_validate_the_test_by_checking_en_espanol_is_clickable()"
            },
            "keyword": "Then "
          }
        ],
        "tags": [
          {
            "name": "@SmokeTest"
          }
        ]
      },
      {
        "line": 3,
        "name": "",
        "description": "",
        "type": "background",
        "keyword": "Background",
        "steps": [
          {
            "result": {
              "duration": 4489976200,
              "status": "passed"
            },
            "before": [
              {
                "result": {
                  "duration": 999900,
                  "status": "passed"
                },
                "match": {
                  "location": "stepDefinitions.HomeStepDefinition.getInit()"
                }
              }
            ],
            "line": 4,
            "name": "I am on Bank of America Homepage",
            "match": {
              "location": "stepDefinitions.HomeStepDefinition.i_am_on_bank_of_america_homepage()"
            },
            "keyword": "Given "
          }
        ]
      },
      {
        "start_timestamp": "2020-09-25T06:15:11.387Z",
        "line": 80,
        "name": "Contact Us functionality check",
        "description": "",
        "id": "bank-of-america-homepage-functionality-check;contact-us-functionality-check",
        "after": [
          {
            "result": {
              "duration": 761909800,
              "status": "passed"
            },
            "match": {
              "location": "stepDefinitions.HomeStepDefinition.closeBrowser()"
            }
          }
        ],
        "type": "scenario",
        "keyword": "Scenario",
        "steps": [
          {
            "result": {
              "duration": 3812530500,
              "status": "passed"
            },
            "before": [
              {
                "result": {
                  "duration": 997800,
                  "status": "passed"
                },
                "match": {
                  "location": "stepDefinitions.HomeStepDefinition.getInit()"
                }
              }
            ],
            "line": 81,
            "name": "I click on Contact Us button",
            "match": {
              "location": "stepDefinitions.HomeStepDefinition.i_click_on_contact_us_button()"
            },
            "keyword": "When "
          },
          {
            "result": {
              "error_message": "org.openqa.selenium.NoSuchElementException: no such element: Unable to locate element: {\"method\":\"css selector\",\"selector\":\"*[name\u003d\u0027contactUs\u0027]\"}\n  (Session info: chrome\u003d85.0.4183.102)\nFor documentation on this error, please visit: https://www.seleniumhq.org/exceptions/no_such_element.html\nBuild info: version: \u00273.141.59\u0027, revision: \u0027e82be7d358\u0027, time: \u00272018-11-14T08:17:03\u0027\nSystem info: host: \u0027DESKTOP-F75O7MS\u0027, ip: \u0027192.168.1.213\u0027, os.name: \u0027Windows 10\u0027, os.arch: \u0027amd64\u0027, os.version: \u002710.0\u0027, java.version: \u002711.0.8\u0027\nDriver info: org.openqa.selenium.chrome.ChromeDriver\nCapabilities {acceptInsecureCerts: false, browserName: chrome, browserVersion: 85.0.4183.102, chrome: {chromedriverVersion: 84.0.4147.30 (48b3e868b4cc0..., userDataDir: C:\\Users\\debna\\AppData\\Loca...}, goog:chromeOptions: {debuggerAddress: localhost:53849}, javascriptEnabled: true, networkConnectionEnabled: false, pageLoadStrategy: normal, platform: WINDOWS, platformName: WINDOWS, proxy: Proxy(), setWindowRect: true, strictFileInteractability: false, timeouts: {implicit: 0, pageLoad: 300000, script: 30000}, unhandledPromptBehavior: dismiss and notify, webauthn:virtualAuthenticators: true}\nSession ID: 23e50874287498effcffcf5344a33904\n*** Element info: {Using\u003dname, value\u003dcontactUs}\r\n\tat jdk.internal.reflect.GeneratedConstructorAccessor13.newInstance(Unknown Source)\r\n\tat java.base/jdk.internal.reflect.DelegatingConstructorAccessorImpl.newInstance(DelegatingConstructorAccessorImpl.java:45)\r\n\tat java.base/java.lang.reflect.Constructor.newInstance(Constructor.java:490)\r\n\tat org.openqa.selenium.remote.http.W3CHttpResponseCodec.createException(W3CHttpResponseCodec.java:187)\r\n\tat org.openqa.selenium.remote.http.W3CHttpResponseCodec.decode(W3CHttpResponseCodec.java:122)\r\n\tat org.openqa.selenium.remote.http.W3CHttpResponseCodec.decode(W3CHttpResponseCodec.java:49)\r\n\tat org.openqa.selenium.remote.HttpCommandExecutor.execute(HttpCommandExecutor.java:158)\r\n\tat org.openqa.selenium.remote.service.DriverCommandExecutor.execute(DriverCommandExecutor.java:83)\r\n\tat org.openqa.selenium.remote.RemoteWebDriver.execute(RemoteWebDriver.java:552)\r\n\tat org.openqa.selenium.remote.RemoteWebDriver.findElement(RemoteWebDriver.java:323)\r\n\tat org.openqa.selenium.remote.RemoteWebDriver.findElementByName(RemoteWebDriver.java:404)\r\n\tat org.openqa.selenium.By$ByName.findElement(By.java:284)\r\n\tat org.openqa.selenium.support.ByIdOrName.findElement(ByIdOrName.java:50)\r\n\tat org.openqa.selenium.remote.RemoteWebDriver.findElement(RemoteWebDriver.java:315)\r\n\tat org.openqa.selenium.support.pagefactory.DefaultElementLocator.findElement(DefaultElementLocator.java:69)\r\n\tat org.openqa.selenium.support.pagefactory.internal.LocatingElementHandler.invoke(LocatingElementHandler.java:38)\r\n\tat com.sun.proxy.$Proxy23.isEnabled(Unknown Source)\r\n\tat home.HomePage.contactUsIsEnable(HomePage.java:161)\r\n\tat home.HomePage.verifyContactUs(HomePage.java:164)\r\n\tat stepDefinitions.HomeStepDefinition.i_validate_the_test_by_checking_contact_us_is_clickable(HomeStepDefinition.java:186)\r\n\tat ✽.I validate the test by checking contact us is clickable(file:///C:/Users/debna/IdeaProjects/BDDWebAutomationFramework_Team1/BankOfAmerica/src/test/java/features/HomePage.feature:82)\r\n",
              "duration": 20205677300,
              "status": "failed"
            },
            "before": [
              {
                "result": {
                  "status": "passed"
                },
                "match": {
                  "location": "stepDefinitions.HomeStepDefinition.getInit()"
                }
              }
            ],
            "line": 82,
            "name": "I validate the test by checking contact us is clickable",
            "match": {
              "location": "stepDefinitions.HomeStepDefinition.i_validate_the_test_by_checking_contact_us_is_clickable()"
            },
            "keyword": "Then "
          }
        ],
        "tags": [
          {
            "name": "@SmokeTest"
          }
        ]
      },
      {
        "line": 3,
        "name": "",
        "description": "",
        "type": "background",
        "keyword": "Background",
        "steps": [
          {
            "result": {
              "duration": 4919519800,
              "status": "passed"
            },
            "before": [
              {
                "result": {
                  "duration": 1000100,
                  "status": "passed"
                },
                "match": {
                  "location": "stepDefinitions.HomeStepDefinition.getInit()"
                }
              }
            ],
            "line": 4,
            "name": "I am on Bank of America Homepage",
            "match": {
              "location": "stepDefinitions.HomeStepDefinition.i_am_on_bank_of_america_homepage()"
            },
            "keyword": "Given "
          }
        ]
      },
      {
        "start_timestamp": "2020-09-25T06:15:40.718Z",
        "line": 85,
        "name": "Help functionality check",
        "description": "",
        "id": "bank-of-america-homepage-functionality-check;help-functionality-check",
        "after": [
          {
            "result": {
              "duration": 770330200,
              "status": "passed"
            },
            "match": {
              "location": "stepDefinitions.HomeStepDefinition.closeBrowser()"
            }
          }
        ],
        "type": "scenario",
        "keyword": "Scenario",
        "steps": [
          {
            "result": {
              "duration": 5617805200,
              "status": "passed"
            },
            "before": [
              {
                "result": {
                  "status": "passed"
                },
                "match": {
                  "location": "stepDefinitions.HomeStepDefinition.getInit()"
                }
              }
            ],
            "line": 86,
            "name": "I click on Help button",
            "match": {
              "location": "stepDefinitions.HomeStepDefinition.i_click_on_help_button()"
            },
            "keyword": "When "
          },
          {
            "result": {
              "error_message": "org.openqa.selenium.NoSuchElementException: no such element: Unable to locate element: {\"method\":\"css selector\",\"selector\":\"*[name\u003d\u0027help\u0027]\"}\n  (Session info: chrome\u003d85.0.4183.102)\nFor documentation on this error, please visit: https://www.seleniumhq.org/exceptions/no_such_element.html\nBuild info: version: \u00273.141.59\u0027, revision: \u0027e82be7d358\u0027, time: \u00272018-11-14T08:17:03\u0027\nSystem info: host: \u0027DESKTOP-F75O7MS\u0027, ip: \u0027192.168.1.213\u0027, os.name: \u0027Windows 10\u0027, os.arch: \u0027amd64\u0027, os.version: \u002710.0\u0027, java.version: \u002711.0.8\u0027\nDriver info: org.openqa.selenium.chrome.ChromeDriver\nCapabilities {acceptInsecureCerts: false, browserName: chrome, browserVersion: 85.0.4183.102, chrome: {chromedriverVersion: 84.0.4147.30 (48b3e868b4cc0..., userDataDir: C:\\Users\\debna\\AppData\\Loca...}, goog:chromeOptions: {debuggerAddress: localhost:53910}, javascriptEnabled: true, networkConnectionEnabled: false, pageLoadStrategy: normal, platform: WINDOWS, platformName: WINDOWS, proxy: Proxy(), setWindowRect: true, strictFileInteractability: false, timeouts: {implicit: 0, pageLoad: 300000, script: 30000}, unhandledPromptBehavior: dismiss and notify, webauthn:virtualAuthenticators: true}\nSession ID: 9ccc786b31e9c40de9af548d8ab44385\n*** Element info: {Using\u003dname, value\u003dhelp}\r\n\tat jdk.internal.reflect.GeneratedConstructorAccessor13.newInstance(Unknown Source)\r\n\tat java.base/jdk.internal.reflect.DelegatingConstructorAccessorImpl.newInstance(DelegatingConstructorAccessorImpl.java:45)\r\n\tat java.base/java.lang.reflect.Constructor.newInstance(Constructor.java:490)\r\n\tat org.openqa.selenium.remote.http.W3CHttpResponseCodec.createException(W3CHttpResponseCodec.java:187)\r\n\tat org.openqa.selenium.remote.http.W3CHttpResponseCodec.decode(W3CHttpResponseCodec.java:122)\r\n\tat org.openqa.selenium.remote.http.W3CHttpResponseCodec.decode(W3CHttpResponseCodec.java:49)\r\n\tat org.openqa.selenium.remote.HttpCommandExecutor.execute(HttpCommandExecutor.java:158)\r\n\tat org.openqa.selenium.remote.service.DriverCommandExecutor.execute(DriverCommandExecutor.java:83)\r\n\tat org.openqa.selenium.remote.RemoteWebDriver.execute(RemoteWebDriver.java:552)\r\n\tat org.openqa.selenium.remote.RemoteWebDriver.findElement(RemoteWebDriver.java:323)\r\n\tat org.openqa.selenium.remote.RemoteWebDriver.findElementByName(RemoteWebDriver.java:404)\r\n\tat org.openqa.selenium.By$ByName.findElement(By.java:284)\r\n\tat org.openqa.selenium.support.ByIdOrName.findElement(ByIdOrName.java:50)\r\n\tat org.openqa.selenium.remote.RemoteWebDriver.findElement(RemoteWebDriver.java:315)\r\n\tat org.openqa.selenium.support.pagefactory.DefaultElementLocator.findElement(DefaultElementLocator.java:69)\r\n\tat org.openqa.selenium.support.pagefactory.internal.LocatingElementHandler.invoke(LocatingElementHandler.java:38)\r\n\tat com.sun.proxy.$Proxy23.isEnabled(Unknown Source)\r\n\tat home.HomePage.helpIsEnable(HomePage.java:171)\r\n\tat home.HomePage.verifyHelp(HomePage.java:174)\r\n\tat stepDefinitions.HomeStepDefinition.i_validate_the_test_by_checking_help_is_clickable(HomeStepDefinition.java:195)\r\n\tat ✽.I validate the test by checking help is clickable(file:///C:/Users/debna/IdeaProjects/BDDWebAutomationFramework_Team1/BankOfAmerica/src/test/java/features/HomePage.feature:87)\r\n",
              "duration": 20455275600,
              "status": "failed"
            },
            "before": [
              {
                "result": {
                  "status": "passed"
                },
                "match": {
                  "location": "stepDefinitions.HomeStepDefinition.getInit()"
                }
              }
            ],
            "line": 87,
            "name": "I validate the test by checking help is clickable",
            "match": {
              "location": "stepDefinitions.HomeStepDefinition.i_validate_the_test_by_checking_help_is_clickable()"
            },
            "keyword": "Then "
          }
        ],
        "tags": [
          {
            "name": "@SmokeTest"
          }
        ]
      },
      {
        "line": 3,
        "name": "",
        "description": "",
        "type": "background",
        "keyword": "Background",
        "steps": [
          {
            "result": {
              "duration": 4674160900,
              "status": "passed"
            },
            "before": [
              {
                "result": {
                  "duration": 1000000,
                  "status": "passed"
                },
                "match": {
                  "location": "stepDefinitions.HomeStepDefinition.getInit()"
                }
              }
            ],
            "line": 4,
            "name": "I am on Bank of America Homepage",
            "match": {
              "location": "stepDefinitions.HomeStepDefinition.i_am_on_bank_of_america_homepage()"
            },
            "keyword": "Given "
          }
        ]
      },
      {
        "start_timestamp": "2020-09-25T06:16:12.542Z",
        "line": 90,
        "name": "Find Closest Location  functionality check",
        "description": "",
        "id": "bank-of-america-homepage-functionality-check;find-closest-location--functionality-check",
        "after": [
          {
            "result": {
              "duration": 805606800,
              "status": "passed"
            },
            "match": {
              "location": "stepDefinitions.HomeStepDefinition.closeBrowser()"
            }
          }
        ],
        "type": "scenario",
        "keyword": "Scenario",
        "steps": [
          {
            "result": {
              "duration": 21418110700,
              "status": "passed"
            },
            "before": [
              {
                "result": {
                  "status": "passed"
                },
                "match": {
                  "location": "stepDefinitions.HomeStepDefinition.getInit()"
                }
              }
            ],
            "line": 91,
            "name": "I click on Find Closest Location button",
            "match": {
              "location": "stepDefinitions.HomeStepDefinition.i_click_on_find_closest_location_loans_button()"
            },
            "keyword": "When "
          },
          {
            "result": {
              "error_message": "org.openqa.selenium.NoSuchElementException: no such element: Unable to locate element: {\"method\":\"css selector\",\"selector\":\"*[name\u003d\u0027help\u0027]\"}\n  (Session info: chrome\u003d85.0.4183.102)\nFor documentation on this error, please visit: https://www.seleniumhq.org/exceptions/no_such_element.html\nBuild info: version: \u00273.141.59\u0027, revision: \u0027e82be7d358\u0027, time: \u00272018-11-14T08:17:03\u0027\nSystem info: host: \u0027DESKTOP-F75O7MS\u0027, ip: \u0027192.168.1.213\u0027, os.name: \u0027Windows 10\u0027, os.arch: \u0027amd64\u0027, os.version: \u002710.0\u0027, java.version: \u002711.0.8\u0027\nDriver info: org.openqa.selenium.chrome.ChromeDriver\nCapabilities {acceptInsecureCerts: false, browserName: chrome, browserVersion: 85.0.4183.102, chrome: {chromedriverVersion: 84.0.4147.30 (48b3e868b4cc0..., userDataDir: C:\\Users\\debna\\AppData\\Loca...}, goog:chromeOptions: {debuggerAddress: localhost:53977}, javascriptEnabled: true, networkConnectionEnabled: false, pageLoadStrategy: normal, platform: WINDOWS, platformName: WINDOWS, proxy: Proxy(), setWindowRect: true, strictFileInteractability: false, timeouts: {implicit: 0, pageLoad: 300000, script: 30000}, unhandledPromptBehavior: dismiss and notify, webauthn:virtualAuthenticators: true}\nSession ID: b09217d46e722199d466b34f3a2d06a9\n*** Element info: {Using\u003dname, value\u003dhelp}\r\n\tat jdk.internal.reflect.GeneratedConstructorAccessor13.newInstance(Unknown Source)\r\n\tat java.base/jdk.internal.reflect.DelegatingConstructorAccessorImpl.newInstance(DelegatingConstructorAccessorImpl.java:45)\r\n\tat java.base/java.lang.reflect.Constructor.newInstance(Constructor.java:490)\r\n\tat org.openqa.selenium.remote.http.W3CHttpResponseCodec.createException(W3CHttpResponseCodec.java:187)\r\n\tat org.openqa.selenium.remote.http.W3CHttpResponseCodec.decode(W3CHttpResponseCodec.java:122)\r\n\tat org.openqa.selenium.remote.http.W3CHttpResponseCodec.decode(W3CHttpResponseCodec.java:49)\r\n\tat org.openqa.selenium.remote.HttpCommandExecutor.execute(HttpCommandExecutor.java:158)\r\n\tat org.openqa.selenium.remote.service.DriverCommandExecutor.execute(DriverCommandExecutor.java:83)\r\n\tat org.openqa.selenium.remote.RemoteWebDriver.execute(RemoteWebDriver.java:552)\r\n\tat org.openqa.selenium.remote.RemoteWebDriver.findElement(RemoteWebDriver.java:323)\r\n\tat org.openqa.selenium.remote.RemoteWebDriver.findElementByName(RemoteWebDriver.java:404)\r\n\tat org.openqa.selenium.By$ByName.findElement(By.java:284)\r\n\tat org.openqa.selenium.support.ByIdOrName.findElement(ByIdOrName.java:50)\r\n\tat org.openqa.selenium.remote.RemoteWebDriver.findElement(RemoteWebDriver.java:315)\r\n\tat org.openqa.selenium.support.pagefactory.DefaultElementLocator.findElement(DefaultElementLocator.java:69)\r\n\tat org.openqa.selenium.support.pagefactory.internal.LocatingElementHandler.invoke(LocatingElementHandler.java:38)\r\n\tat com.sun.proxy.$Proxy23.isEnabled(Unknown Source)\r\n\tat home.HomePage.helpIsEnable(HomePage.java:171)\r\n\tat home.HomePage.verifyFindClosestLocation(HomePage.java:184)\r\n\tat stepDefinitions.HomeStepDefinition.i_validate_the_test_by_checking_find_closest_location_is_clickable(HomeStepDefinition.java:204)\r\n\tat ✽.I validate the test by checking find closest location is clickable(file:///C:/Users/debna/IdeaProjects/BDDWebAutomationFramework_Team1/BankOfAmerica/src/test/java/features/HomePage.feature:92)\r\n",
              "duration": 20159536100,
              "status": "failed"
            },
            "before": [
              {
                "result": {
                  "status": "passed"
                },
                "match": {
                  "location": "stepDefinitions.HomeStepDefinition.getInit()"
                }
              }
            ],
            "line": 92,
            "name": "I validate the test by checking find closest location is clickable",
            "match": {
              "location": "stepDefinitions.HomeStepDefinition.i_validate_the_test_by_checking_find_closest_location_is_clickable()"
            },
            "keyword": "Then "
          }
        ],
        "tags": [
          {
            "name": "@SmokeTest"
          }
        ]
      },
      {
        "line": 3,
        "name": "",
        "description": "",
        "type": "background",
        "keyword": "Background",
        "steps": [
          {
            "result": {
              "duration": 5378866700,
              "status": "passed"
            },
            "before": [
              {
                "result": {
                  "status": "passed"
                },
                "match": {
                  "location": "stepDefinitions.HomeStepDefinition.getInit()"
                }
              }
            ],
            "line": 4,
            "name": "I am on Bank of America Homepage",
            "match": {
              "location": "stepDefinitions.HomeStepDefinition.i_am_on_bank_of_america_homepage()"
            },
            "keyword": "Given "
          }
        ]
      },
      {
        "start_timestamp": "2020-09-25T06:16:59.660Z",
        "line": 95,
        "name": "Schedule Appointment functionality check",
        "description": "",
        "id": "bank-of-america-homepage-functionality-check;schedule-appointment-functionality-check",
        "after": [
          {
            "result": {
              "duration": 769426000,
              "status": "passed"
            },
            "match": {
              "location": "stepDefinitions.HomeStepDefinition.closeBrowser()"
            }
          }
        ],
        "type": "scenario",
        "keyword": "Scenario",
        "steps": [
          {
            "result": {
              "duration": 23974357700,
              "status": "passed"
            },
            "before": [
              {
                "result": {
                  "status": "passed"
                },
                "match": {
                  "location": "stepDefinitions.HomeStepDefinition.getInit()"
                }
              }
            ],
            "line": 96,
            "name": "I click on Schedule Appointment button",
            "match": {
              "location": "stepDefinitions.HomeStepDefinition.i_click_on_schedule_appointment_button()"
            },
            "keyword": "When "
          },
          {
            "result": {
              "error_message": "org.openqa.selenium.NoSuchElementException: no such element: Unable to locate element: {\"method\":\"css selector\",\"selector\":\"*[name\u003d\u0027scheduleAppointment\u0027]\"}\n  (Session info: chrome\u003d85.0.4183.102)\nFor documentation on this error, please visit: https://www.seleniumhq.org/exceptions/no_such_element.html\nBuild info: version: \u00273.141.59\u0027, revision: \u0027e82be7d358\u0027, time: \u00272018-11-14T08:17:03\u0027\nSystem info: host: \u0027DESKTOP-F75O7MS\u0027, ip: \u0027192.168.1.213\u0027, os.name: \u0027Windows 10\u0027, os.arch: \u0027amd64\u0027, os.version: \u002710.0\u0027, java.version: \u002711.0.8\u0027\nDriver info: org.openqa.selenium.chrome.ChromeDriver\nCapabilities {acceptInsecureCerts: false, browserName: chrome, browserVersion: 85.0.4183.102, chrome: {chromedriverVersion: 84.0.4147.30 (48b3e868b4cc0..., userDataDir: C:\\Users\\debna\\AppData\\Loca...}, goog:chromeOptions: {debuggerAddress: localhost:54058}, javascriptEnabled: true, networkConnectionEnabled: false, pageLoadStrategy: normal, platform: WINDOWS, platformName: WINDOWS, proxy: Proxy(), setWindowRect: true, strictFileInteractability: false, timeouts: {implicit: 0, pageLoad: 300000, script: 30000}, unhandledPromptBehavior: dismiss and notify, webauthn:virtualAuthenticators: true}\nSession ID: e22509363ce3045daca55672225064d5\n*** Element info: {Using\u003dname, value\u003dscheduleAppointment}\r\n\tat jdk.internal.reflect.GeneratedConstructorAccessor13.newInstance(Unknown Source)\r\n\tat java.base/jdk.internal.reflect.DelegatingConstructorAccessorImpl.newInstance(DelegatingConstructorAccessorImpl.java:45)\r\n\tat java.base/java.lang.reflect.Constructor.newInstance(Constructor.java:490)\r\n\tat org.openqa.selenium.remote.http.W3CHttpResponseCodec.createException(W3CHttpResponseCodec.java:187)\r\n\tat org.openqa.selenium.remote.http.W3CHttpResponseCodec.decode(W3CHttpResponseCodec.java:122)\r\n\tat org.openqa.selenium.remote.http.W3CHttpResponseCodec.decode(W3CHttpResponseCodec.java:49)\r\n\tat org.openqa.selenium.remote.HttpCommandExecutor.execute(HttpCommandExecutor.java:158)\r\n\tat org.openqa.selenium.remote.service.DriverCommandExecutor.execute(DriverCommandExecutor.java:83)\r\n\tat org.openqa.selenium.remote.RemoteWebDriver.execute(RemoteWebDriver.java:552)\r\n\tat org.openqa.selenium.remote.RemoteWebDriver.findElement(RemoteWebDriver.java:323)\r\n\tat org.openqa.selenium.remote.RemoteWebDriver.findElementByName(RemoteWebDriver.java:404)\r\n\tat org.openqa.selenium.By$ByName.findElement(By.java:284)\r\n\tat org.openqa.selenium.support.ByIdOrName.findElement(ByIdOrName.java:50)\r\n\tat org.openqa.selenium.remote.RemoteWebDriver.findElement(RemoteWebDriver.java:315)\r\n\tat org.openqa.selenium.support.pagefactory.DefaultElementLocator.findElement(DefaultElementLocator.java:69)\r\n\tat org.openqa.selenium.support.pagefactory.internal.LocatingElementHandler.invoke(LocatingElementHandler.java:38)\r\n\tat com.sun.proxy.$Proxy23.isEnabled(Unknown Source)\r\n\tat home.HomePage.scheduleAppointmentIsEnable(HomePage.java:191)\r\n\tat home.HomePage.verifyScheduleAppointment(HomePage.java:194)\r\n\tat stepDefinitions.HomeStepDefinition.i_validate_the_test_by_checking_schedule_appointment_is_clickable(HomeStepDefinition.java:213)\r\n\tat ✽.I validate the test by checking schedule appointment is clickable(file:///C:/Users/debna/IdeaProjects/BDDWebAutomationFramework_Team1/BankOfAmerica/src/test/java/features/HomePage.feature:97)\r\n",
              "duration": 20119428200,
              "status": "failed"
            },
            "before": [
              {
                "result": {
                  "status": "passed"
                },
                "match": {
                  "location": "stepDefinitions.HomeStepDefinition.getInit()"
                }
              }
            ],
            "line": 97,
            "name": "I validate the test by checking schedule appointment is clickable",
            "match": {
              "location": "stepDefinitions.HomeStepDefinition.i_validate_the_test_by_checking_schedule_appointment_is_clickable()"
            },
            "keyword": "Then "
          }
        ],
        "tags": [
          {
            "name": "@SmokeTest"
          }
        ]
      },
      {
        "line": 3,
        "name": "",
        "description": "",
        "type": "background",
        "keyword": "Background",
        "steps": [
          {
            "result": {
              "duration": 4821310000,
              "status": "passed"
            },
            "before": [
              {
                "result": {
                  "duration": 999900,
                  "status": "passed"
                },
                "match": {
                  "location": "stepDefinitions.HomeStepDefinition.getInit()"
                }
              }
            ],
            "line": 4,
            "name": "I am on Bank of America Homepage",
            "match": {
              "location": "stepDefinitions.HomeStepDefinition.i_am_on_bank_of_america_homepage()"
            },
            "keyword": "Given "
          }
        ]
      },
      {
        "start_timestamp": "2020-09-25T06:17:49.956Z",
        "line": 100,
        "name": "Deals All Day functionality check",
        "description": "",
        "id": "bank-of-america-homepage-functionality-check;deals-all-day-functionality-check",
        "after": [
          {
            "result": {
              "duration": 746127200,
              "status": "passed"
            },
            "match": {
              "location": "stepDefinitions.HomeStepDefinition.closeBrowser()"
            }
          }
        ],
        "type": "scenario",
        "keyword": "Scenario",
        "steps": [
          {
            "result": {
              "duration": 33439478500,
              "status": "passed"
            },
            "before": [
              {
                "result": {
                  "status": "passed"
                },
                "match": {
                  "location": "stepDefinitions.HomeStepDefinition.getInit()"
                }
              }
            ],
            "line": 101,
            "name": "I click on Deals All Day button",
            "match": {
              "location": "stepDefinitions.HomeStepDefinition.i_click_on_deals_all_day_button()"
            },
            "keyword": "When "
          },
          {
            "result": {
              "error_message": "org.openqa.selenium.NoSuchElementException: no such element: Unable to locate element: {\"method\":\"css selector\",\"selector\":\"*[name\u003d\u0027dealsAllDay\u0027]\"}\n  (Session info: chrome\u003d85.0.4183.102)\nFor documentation on this error, please visit: https://www.seleniumhq.org/exceptions/no_such_element.html\nBuild info: version: \u00273.141.59\u0027, revision: \u0027e82be7d358\u0027, time: \u00272018-11-14T08:17:03\u0027\nSystem info: host: \u0027DESKTOP-F75O7MS\u0027, ip: \u0027192.168.1.213\u0027, os.name: \u0027Windows 10\u0027, os.arch: \u0027amd64\u0027, os.version: \u002710.0\u0027, java.version: \u002711.0.8\u0027\nDriver info: org.openqa.selenium.chrome.ChromeDriver\nCapabilities {acceptInsecureCerts: false, browserName: chrome, browserVersion: 85.0.4183.102, chrome: {chromedriverVersion: 84.0.4147.30 (48b3e868b4cc0..., userDataDir: C:\\Users\\debna\\AppData\\Loca...}, goog:chromeOptions: {debuggerAddress: localhost:54129}, javascriptEnabled: true, networkConnectionEnabled: false, pageLoadStrategy: normal, platform: WINDOWS, platformName: WINDOWS, proxy: Proxy(), setWindowRect: true, strictFileInteractability: false, timeouts: {implicit: 0, pageLoad: 300000, script: 30000}, unhandledPromptBehavior: dismiss and notify, webauthn:virtualAuthenticators: true}\nSession ID: 127cde7598e7068a05a8cd5e6b1f6d55\n*** Element info: {Using\u003dname, value\u003ddealsAllDay}\r\n\tat jdk.internal.reflect.GeneratedConstructorAccessor13.newInstance(Unknown Source)\r\n\tat java.base/jdk.internal.reflect.DelegatingConstructorAccessorImpl.newInstance(DelegatingConstructorAccessorImpl.java:45)\r\n\tat java.base/java.lang.reflect.Constructor.newInstance(Constructor.java:490)\r\n\tat org.openqa.selenium.remote.http.W3CHttpResponseCodec.createException(W3CHttpResponseCodec.java:187)\r\n\tat org.openqa.selenium.remote.http.W3CHttpResponseCodec.decode(W3CHttpResponseCodec.java:122)\r\n\tat org.openqa.selenium.remote.http.W3CHttpResponseCodec.decode(W3CHttpResponseCodec.java:49)\r\n\tat org.openqa.selenium.remote.HttpCommandExecutor.execute(HttpCommandExecutor.java:158)\r\n\tat org.openqa.selenium.remote.service.DriverCommandExecutor.execute(DriverCommandExecutor.java:83)\r\n\tat org.openqa.selenium.remote.RemoteWebDriver.execute(RemoteWebDriver.java:552)\r\n\tat org.openqa.selenium.remote.RemoteWebDriver.findElement(RemoteWebDriver.java:323)\r\n\tat org.openqa.selenium.remote.RemoteWebDriver.findElementByName(RemoteWebDriver.java:404)\r\n\tat org.openqa.selenium.By$ByName.findElement(By.java:284)\r\n\tat org.openqa.selenium.support.ByIdOrName.findElement(ByIdOrName.java:50)\r\n\tat org.openqa.selenium.remote.RemoteWebDriver.findElement(RemoteWebDriver.java:315)\r\n\tat org.openqa.selenium.support.pagefactory.DefaultElementLocator.findElement(DefaultElementLocator.java:69)\r\n\tat org.openqa.selenium.support.pagefactory.internal.LocatingElementHandler.invoke(LocatingElementHandler.java:38)\r\n\tat com.sun.proxy.$Proxy23.isEnabled(Unknown Source)\r\n\tat home.HomePage.dealsAllDayIsEnable(HomePage.java:201)\r\n\tat home.HomePage.verifyDealsAllDay(HomePage.java:204)\r\n\tat stepDefinitions.HomeStepDefinition.i_validate_the_test_by_checking_deals_all_day_is_clickable(HomeStepDefinition.java:222)\r\n\tat ✽.I validate the test by checking deals all day is clickable(file:///C:/Users/debna/IdeaProjects/BDDWebAutomationFramework_Team1/BankOfAmerica/src/test/java/features/HomePage.feature:102)\r\n",
              "duration": 20126017700,
              "status": "failed"
            },
            "before": [
              {
                "result": {
                  "duration": 1002400,
                  "status": "passed"
                },
                "match": {
                  "location": "stepDefinitions.HomeStepDefinition.getInit()"
                }
              }
            ],
            "line": 102,
            "name": "I validate the test by checking deals all day is clickable",
            "match": {
              "location": "stepDefinitions.HomeStepDefinition.i_validate_the_test_by_checking_deals_all_day_is_clickable()"
            },
            "keyword": "Then "
          }
        ],
        "tags": [
          {
            "name": "@SmokeTest"
          }
        ]
      },
      {
        "line": 3,
        "name": "",
        "description": "",
        "type": "background",
        "keyword": "Background",
        "steps": [
          {
            "result": {
              "duration": 5355528500,
              "status": "passed"
            },
            "before": [
              {
                "result": {
                  "status": "passed"
                },
                "match": {
                  "location": "stepDefinitions.HomeStepDefinition.getInit()"
                }
              }
            ],
            "line": 4,
            "name": "I am on Bank of America Homepage",
            "match": {
              "location": "stepDefinitions.HomeStepDefinition.i_am_on_bank_of_america_homepage()"
            },
            "keyword": "Given "
          }
        ]
      },
      {
        "start_timestamp": "2020-09-25T06:18:49.149Z",
        "line": 105,
        "name": "Checking With Right Features  functionality check",
        "description": "",
        "id": "bank-of-america-homepage-functionality-check;checking-with-right-features--functionality-check",
        "after": [
          {
            "result": {
              "duration": 737910600,
              "status": "passed"
            },
            "match": {
              "location": "stepDefinitions.HomeStepDefinition.closeBrowser()"
            }
          }
        ],
        "type": "scenario",
        "keyword": "Scenario",
        "steps": [
          {
            "result": {
              "duration": 33429285600,
              "status": "passed"
            },
            "before": [
              {
                "result": {
                  "status": "passed"
                },
                "match": {
                  "location": "stepDefinitions.HomeStepDefinition.getInit()"
                }
              }
            ],
            "line": 106,
            "name": "I click on Checking With Right Features button",
            "match": {
              "location": "stepDefinitions.HomeStepDefinition.i_click_on_checking_with_right_features_loans_button()"
            },
            "keyword": "When "
          },
          {
            "result": {
              "error_message": "org.openqa.selenium.NoSuchElementException: no such element: Unable to locate element: {\"method\":\"css selector\",\"selector\":\"*[name\u003d\u0027checkingWithRightFeatures\u0027]\"}\n  (Session info: chrome\u003d85.0.4183.102)\nFor documentation on this error, please visit: https://www.seleniumhq.org/exceptions/no_such_element.html\nBuild info: version: \u00273.141.59\u0027, revision: \u0027e82be7d358\u0027, time: \u00272018-11-14T08:17:03\u0027\nSystem info: host: \u0027DESKTOP-F75O7MS\u0027, ip: \u0027192.168.1.213\u0027, os.name: \u0027Windows 10\u0027, os.arch: \u0027amd64\u0027, os.version: \u002710.0\u0027, java.version: \u002711.0.8\u0027\nDriver info: org.openqa.selenium.chrome.ChromeDriver\nCapabilities {acceptInsecureCerts: false, browserName: chrome, browserVersion: 85.0.4183.102, chrome: {chromedriverVersion: 84.0.4147.30 (48b3e868b4cc0..., userDataDir: C:\\Users\\debna\\AppData\\Loca...}, goog:chromeOptions: {debuggerAddress: localhost:54190}, javascriptEnabled: true, networkConnectionEnabled: false, pageLoadStrategy: normal, platform: WINDOWS, platformName: WINDOWS, proxy: Proxy(), setWindowRect: true, strictFileInteractability: false, timeouts: {implicit: 0, pageLoad: 300000, script: 30000}, unhandledPromptBehavior: dismiss and notify, webauthn:virtualAuthenticators: true}\nSession ID: 538e74094d53502d55e1b146604c186e\n*** Element info: {Using\u003dname, value\u003dcheckingWithRightFeatures}\r\n\tat jdk.internal.reflect.GeneratedConstructorAccessor13.newInstance(Unknown Source)\r\n\tat java.base/jdk.internal.reflect.DelegatingConstructorAccessorImpl.newInstance(DelegatingConstructorAccessorImpl.java:45)\r\n\tat java.base/java.lang.reflect.Constructor.newInstance(Constructor.java:490)\r\n\tat org.openqa.selenium.remote.http.W3CHttpResponseCodec.createException(W3CHttpResponseCodec.java:187)\r\n\tat org.openqa.selenium.remote.http.W3CHttpResponseCodec.decode(W3CHttpResponseCodec.java:122)\r\n\tat org.openqa.selenium.remote.http.W3CHttpResponseCodec.decode(W3CHttpResponseCodec.java:49)\r\n\tat org.openqa.selenium.remote.HttpCommandExecutor.execute(HttpCommandExecutor.java:158)\r\n\tat org.openqa.selenium.remote.service.DriverCommandExecutor.execute(DriverCommandExecutor.java:83)\r\n\tat org.openqa.selenium.remote.RemoteWebDriver.execute(RemoteWebDriver.java:552)\r\n\tat org.openqa.selenium.remote.RemoteWebDriver.findElement(RemoteWebDriver.java:323)\r\n\tat org.openqa.selenium.remote.RemoteWebDriver.findElementByName(RemoteWebDriver.java:404)\r\n\tat org.openqa.selenium.By$ByName.findElement(By.java:284)\r\n\tat org.openqa.selenium.support.ByIdOrName.findElement(ByIdOrName.java:50)\r\n\tat org.openqa.selenium.remote.RemoteWebDriver.findElement(RemoteWebDriver.java:315)\r\n\tat org.openqa.selenium.support.pagefactory.DefaultElementLocator.findElement(DefaultElementLocator.java:69)\r\n\tat org.openqa.selenium.support.pagefactory.internal.LocatingElementHandler.invoke(LocatingElementHandler.java:38)\r\n\tat com.sun.proxy.$Proxy23.isEnabled(Unknown Source)\r\n\tat home.HomePage.checkingWithRightFeaturesIsEnable(HomePage.java:211)\r\n\tat home.HomePage.verifyCheckingWithRightFeatures(HomePage.java:214)\r\n\tat stepDefinitions.HomeStepDefinition.iValidateTheTestByIsClickable(HomeStepDefinition.java:324)\r\n\tat ✽.I validate the test by \"checking with right features\"  is clickable(file:///C:/Users/debna/IdeaProjects/BDDWebAutomationFramework_Team1/BankOfAmerica/src/test/java/features/HomePage.feature:107)\r\n",
              "duration": 20060341100,
              "status": "failed"
            },
            "before": [
              {
                "result": {
                  "duration": 998600,
                  "status": "passed"
                },
                "match": {
                  "location": "stepDefinitions.HomeStepDefinition.getInit()"
                }
              }
            ],
            "line": 107,
            "name": "I validate the test by \"checking with right features\"  is clickable",
            "match": {
              "arguments": [
                {
                  "val": "\"checking with right features\"",
                  "offset": 23
                }
              ],
              "location": "stepDefinitions.HomeStepDefinition.iValidateTheTestByIsClickable(java.lang.String)"
            },
            "keyword": "Then "
          }
        ],
        "tags": [
          {
            "name": "@SmokeTest"
          }
        ]
      },
      {
        "line": 3,
        "name": "",
        "description": "",
        "type": "background",
        "keyword": "Background",
        "steps": [
          {
            "result": {
              "duration": 4782915100,
              "status": "passed"
            },
            "before": [
              {
                "result": {
                  "duration": 999200,
                  "status": "passed"
                },
                "match": {
                  "location": "stepDefinitions.HomeStepDefinition.getInit()"
                }
              }
            ],
            "line": 4,
            "name": "I am on Bank of America Homepage",
            "match": {
              "location": "stepDefinitions.HomeStepDefinition.i_am_on_bank_of_america_homepage()"
            },
            "keyword": "Given "
          }
        ]
      },
      {
        "start_timestamp": "2020-09-25T06:19:48.820Z",
        "line": 110,
        "name": "Life Services functionality check",
        "description": "",
        "id": "bank-of-america-homepage-functionality-check;life-services-functionality-check",
        "after": [
          {
            "result": {
              "duration": 846826800,
              "status": "passed"
            },
            "match": {
              "location": "stepDefinitions.HomeStepDefinition.closeBrowser()"
            }
          }
        ],
        "type": "scenario",
        "keyword": "Scenario",
        "steps": [
          {
            "result": {
              "duration": 21599652300,
              "status": "passed"
            },
            "before": [
              {
                "result": {
                  "status": "passed"
                },
                "match": {
                  "location": "stepDefinitions.HomeStepDefinition.getInit()"
                }
              }
            ],
            "line": 111,
            "name": "I click on Life Services button",
            "match": {
              "location": "stepDefinitions.HomeStepDefinition.i_click_on_life_services_button()"
            },
            "keyword": "When "
          },
          {
            "result": {
              "error_message": "org.openqa.selenium.NoSuchElementException: no such element: Unable to locate element: {\"method\":\"css selector\",\"selector\":\"*[name\u003d\u0027lifeServices\u0027]\"}\n  (Session info: chrome\u003d85.0.4183.102)\nFor documentation on this error, please visit: https://www.seleniumhq.org/exceptions/no_such_element.html\nBuild info: version: \u00273.141.59\u0027, revision: \u0027e82be7d358\u0027, time: \u00272018-11-14T08:17:03\u0027\nSystem info: host: \u0027DESKTOP-F75O7MS\u0027, ip: \u0027192.168.1.213\u0027, os.name: \u0027Windows 10\u0027, os.arch: \u0027amd64\u0027, os.version: \u002710.0\u0027, java.version: \u002711.0.8\u0027\nDriver info: org.openqa.selenium.chrome.ChromeDriver\nCapabilities {acceptInsecureCerts: false, browserName: chrome, browserVersion: 85.0.4183.102, chrome: {chromedriverVersion: 84.0.4147.30 (48b3e868b4cc0..., userDataDir: C:\\Users\\debna\\AppData\\Loca...}, goog:chromeOptions: {debuggerAddress: localhost:54250}, javascriptEnabled: true, networkConnectionEnabled: false, pageLoadStrategy: normal, platform: WINDOWS, platformName: WINDOWS, proxy: Proxy(), setWindowRect: true, strictFileInteractability: false, timeouts: {implicit: 0, pageLoad: 300000, script: 30000}, unhandledPromptBehavior: dismiss and notify, webauthn:virtualAuthenticators: true}\nSession ID: 4924f75e52aa4c5ff73c413b9b647c33\n*** Element info: {Using\u003dname, value\u003dlifeServices}\r\n\tat jdk.internal.reflect.GeneratedConstructorAccessor13.newInstance(Unknown Source)\r\n\tat java.base/jdk.internal.reflect.DelegatingConstructorAccessorImpl.newInstance(DelegatingConstructorAccessorImpl.java:45)\r\n\tat java.base/java.lang.reflect.Constructor.newInstance(Constructor.java:490)\r\n\tat org.openqa.selenium.remote.http.W3CHttpResponseCodec.createException(W3CHttpResponseCodec.java:187)\r\n\tat org.openqa.selenium.remote.http.W3CHttpResponseCodec.decode(W3CHttpResponseCodec.java:122)\r\n\tat org.openqa.selenium.remote.http.W3CHttpResponseCodec.decode(W3CHttpResponseCodec.java:49)\r\n\tat org.openqa.selenium.remote.HttpCommandExecutor.execute(HttpCommandExecutor.java:158)\r\n\tat org.openqa.selenium.remote.service.DriverCommandExecutor.execute(DriverCommandExecutor.java:83)\r\n\tat org.openqa.selenium.remote.RemoteWebDriver.execute(RemoteWebDriver.java:552)\r\n\tat org.openqa.selenium.remote.RemoteWebDriver.findElement(RemoteWebDriver.java:323)\r\n\tat org.openqa.selenium.remote.RemoteWebDriver.findElementByName(RemoteWebDriver.java:404)\r\n\tat org.openqa.selenium.By$ByName.findElement(By.java:284)\r\n\tat org.openqa.selenium.support.ByIdOrName.findElement(ByIdOrName.java:50)\r\n\tat org.openqa.selenium.remote.RemoteWebDriver.findElement(RemoteWebDriver.java:315)\r\n\tat org.openqa.selenium.support.pagefactory.DefaultElementLocator.findElement(DefaultElementLocator.java:69)\r\n\tat org.openqa.selenium.support.pagefactory.internal.LocatingElementHandler.invoke(LocatingElementHandler.java:38)\r\n\tat com.sun.proxy.$Proxy23.isEnabled(Unknown Source)\r\n\tat home.HomePage.lifeServicesIsEnable(HomePage.java:221)\r\n\tat home.HomePage.verifyLifeServices(HomePage.java:224)\r\n\tat stepDefinitions.HomeStepDefinition.i_validate_the_test_by_checking_life_services_is_clickable(HomeStepDefinition.java:240)\r\n\tat ✽.I validate the test by checking life services is clickable(file:///C:/Users/debna/IdeaProjects/BDDWebAutomationFramework_Team1/BankOfAmerica/src/test/java/features/HomePage.feature:112)\r\n",
              "duration": 20216141800,
              "status": "failed"
            },
            "before": [
              {
                "result": {
                  "status": "passed"
                },
                "match": {
                  "location": "stepDefinitions.HomeStepDefinition.getInit()"
                }
              }
            ],
            "line": 112,
            "name": "I validate the test by checking life services is clickable",
            "match": {
              "location": "stepDefinitions.HomeStepDefinition.i_validate_the_test_by_checking_life_services_is_clickable()"
            },
            "keyword": "Then "
          }
        ],
        "tags": [
          {
            "name": "@SmokeTest"
          }
        ]
      }
    ],
    "name": "Bank of America homepage functionality check",
    "description": "",
    "id": "bank-of-america-homepage-functionality-check",
    "keyword": "Feature",
    "uri": "file:src/test/java/features/HomePage.feature",
    "tags": []
  }
]